GAS LISTING tui/basics/printenv/printenv.s 			page 1


   1              	/*
   2              	 **************************************************************************
   3              	 * Name          : printenv.s
   4              	 * Description   : Linux environment variable printer. Supports -0/--null,
   5              	 * --help, and --version.
   6              	 *
   7              	 * Build Sequence:
   8              	 * 1. Assemble Project:
   9              	 * /usr/bin/as --64 -g --noexecstack -I ../../../include \
  10              	 * -al=printenv.lst printenv.s -o printenv.o
  11              	 *
  12              	 * 2. Link Executable (PIE enabled):
  13              	 * /usr/bin/ld -m elf_x86_64 -pie -z noexecstack \
  14              	 * --dynamic-linker /lib64/ld-linux-x86-64.so.2 -o printenv printenv.o
  15              	 *
  16              	 * Strategy:
  17              	 * 1. Parse command-line arguments (argv) for options starting with '-'.
  18              	 * 2. If --null is requested, change the end-of-line character to 0.
  19              	 * 3. Access envp by skipping argc and all argv pointers on the stack.
  20              	 * 4. Iterate through envp strings and print those that match the request.
  21              	 * 5. If no variable is requested, print the entire envp list.
  22              	 * **************************************************************************
  23              	 */
  24              	
  27              	.list
  28              	
  29              	.extern strlen
  30              	.extern print_stringz
  31              	
  32              	.section .bss
  33              	    .align 16
  34 0000 00       	    .Lbuffer:       .skip 1
  35              	
  36              	.section .data
  37              	    # Added a null terminator so print_stringz works correctly
  38 0000 0A00     	    .Lendofline:    .byte 10, 0        
  39              	
  40              	.section .rodata
  41              	    .Lusage:
  42 0000 55736167 	        .ascii "Usage: ./printenv [OPTION]... [VARIABLE]...\n"
  42      653A202E 
  42      2F707269 
  42      6E74656E 
  42      76205B4F 
  43 002c 5072696E 	        .ascii "Print the values of the specified environment VARIABLE(s).\n\n"
  43      74207468 
  43      65207661 
  43      6C756573 
  43      206F6620 
  44 0068 2D302C20 	        .ascii "-0, --null      end each output line with 0 byte rather than newline\n"
  44      2D2D6E75 
  44      6C6C2020 
  44      20202020 
  44      656E6420 
  45 00ad 20202020 	        .ascii "    --help      display this help and exit\n"
  45      2D2D6865 
  45      6C702020 
GAS LISTING tui/basics/printenv/printenv.s 			page 2


  45      20202020 
  45      64697370 
  46 00d8 20202020 	        .ascii "    --version   output version information and exit\n\0"
  46      2D2D7665 
  46      7273696F 
  46      6E202020 
  46      6F757470 
  47              	    
  48              	    .Lversion:
  49 010d 7072696E 	        .ascii "printenv (GAS x86_64) 0.01\n"
  49      74656E76 
  49      20284741 
  49      53207838 
  49      365F3634 
  50 0128 4E41534D 	        .ascii "NASM version written by agguro\n\0"
  50      20766572 
  50      73696F6E 
  50      20777269 
  50      7474656E 
  51              	    
  52 0148 7072696E 	    .Linvalid:      .ascii "printenv: invalid option '\0"
  52      74656E76 
  52      3A20696E 
  52      76616C69 
  52      64206F70 
  53 0163 270A5472 	    .Loption_msg:   .ascii "'\nTry `printenv --help` for more information.\n\0"
  53      79206070 
  53      72696E74 
  53      656E7620 
  53      2D2D6865 
  54              	    
  55              	.section .text
  56              	    .globl _start
  57              	
  58              	_start:
  59:tui/basics/printenv/printenv.s ****     popq    %rbx                    # argc
  60:tui/basics/printenv/printenv.s ****     popq    %rax                    # argv[0]
  61:tui/basics/printenv/printenv.s ****     cmpq    $1, %rbx
  62:tui/basics/printenv/printenv.s ****     je      .LGetAllVariables            
  63              	
  64              	    # Get first argument (argv[1])
  65:tui/basics/printenv/printenv.s ****     popq    %rsi                    
  66:tui/basics/printenv/printenv.s ****     movq    %rsi, %r15              # Save pointer for error msg
  67              	    
  68:tui/basics/printenv/printenv.s ****     cld
  69:tui/basics/printenv/printenv.s ****     lodsb                           # Load first char
  70:tui/basics/printenv/printenv.s ****     cmpb    $'-', %al               # Is it an option?
  71:tui/basics/printenv/printenv.s ****     je      .LHandleOptions
  72              	    
  73              	    # Not an option: search for specific variable
  74:tui/basics/printenv/printenv.s ****     decq    %rsi                    
  75:tui/basics/printenv/printenv.s ****     pushq   %rsi                    # Push target name to stack
  76:tui/basics/printenv/printenv.s ****     jmp     .LGetVariable
  77              	
  78              	.LHandleOptions:
  79:tui/basics/printenv/printenv.s ****     lodsb
  80:tui/basics/printenv/printenv.s ****     cmpb    $'0', %al
GAS LISTING tui/basics/printenv/printenv.s 			page 3


  81:tui/basics/printenv/printenv.s ****     je      .LIsNull
  82:tui/basics/printenv/printenv.s ****     cmpb    $'-', %al
  83:tui/basics/printenv/printenv.s ****     jne     .LInvalidOption             
  84              	    
  85              	    # Simple Long Option Parsing (help/null/version)
  86:tui/basics/printenv/printenv.s ****     lodsl                           # Load 4 bytes into EAX
  87:tui/basics/printenv/printenv.s ****     cmpl    $0x706c6568, %eax       # "help"
  88:tui/basics/printenv/printenv.s ****     je      .LIsHelp
  89:tui/basics/printenv/printenv.s ****     cmpl    $0x6c6c756e, %eax       # "null"
  90:tui/basics/printenv/printenv.s ****     je      .LIsNull
  91              	    
  92              	    # Check for "version"
  93:tui/basics/printenv/printenv.s ****     decq    %rsi
  94:tui/basics/printenv/printenv.s ****     movq    (%rsi), %rax
  95:tui/basics/printenv/printenv.s ****     movabsq $0x6e6f6973726576, %r8  # "version"
  96:tui/basics/printenv/printenv.s ****     cmpq    %r8, %rax
  97:tui/basics/printenv/printenv.s ****     je      .LIsVersion
  98:tui/basics/printenv/printenv.s ****     jmp     .Lexit
  99              	
 100              	.LIsNull:
 101:tui/basics/printenv/printenv.s ****     leaq    .Lendofline(%rip), %rax
 102:tui/basics/printenv/printenv.s ****     movb    $0, (%rax)              # Change newline to null
 103:tui/basics/printenv/printenv.s ****     cmpq    $2, %rbx                # Was it just './printenv -0'?
 104:tui/basics/printenv/printenv.s ****     jne     .LGetVariable
 105:tui/basics/printenv/printenv.s ****     jmp     .LGetAllVariables
 106              	
 107              	.LIsHelp:
 108:tui/basics/printenv/printenv.s ****     movl    $stdout, %edi
 109:tui/basics/printenv/printenv.s ****     leaq    .Lusage(%rip), %rsi
 110:tui/basics/printenv/printenv.s ****     call    print_stringz
 111:tui/basics/printenv/printenv.s ****     jmp     .Lexit
 112              	
 113              	.LIsVersion:
 114:tui/basics/printenv/printenv.s ****     movl    $stdout, %edi
 115:tui/basics/printenv/printenv.s ****     leaq    .Lversion(%rip), %rsi
 116:tui/basics/printenv/printenv.s ****     call    print_stringz
 117:tui/basics/printenv/printenv.s ****     jmp     .Lexit
 118              	
 119              	.LInvalidOption:
 120:tui/basics/printenv/printenv.s ****     movl    $stderr, %edi
 121:tui/basics/printenv/printenv.s ****     leaq    .Linvalid(%rip), %rsi
 122:tui/basics/printenv/printenv.s ****     call    print_stringz
 123              	    
 124              	    # Print the specific character that failed
 125:tui/basics/printenv/printenv.s ****     movl    $stderr, %edi
 126:tui/basics/printenv/printenv.s ****     movq    %r15, %rsi
 127              	    # We only want to print the char, so we temporarily null-terminate or use write
 128:tui/basics/printenv/printenv.s ****     movl    $write, %eax
 129:tui/basics/printenv/printenv.s ****     movl    $2, %edx                # Print the "-" and the char
 130:tui/basics/printenv/printenv.s ****     syscall
 131              	
 132:tui/basics/printenv/printenv.s ****     movl    $stderr, %edi
 133:tui/basics/printenv/printenv.s ****     leaq    .Loption_msg(%rip), %rsi
 134:tui/basics/printenv/printenv.s ****     call    print_stringz
 135:tui/basics/printenv/printenv.s ****     jmp     .Lexit
 136              	
 137              	.LGetAllVariables:
GAS LISTING tui/basics/printenv/printenv.s 			page 4


 138:tui/basics/printenv/printenv.s ****     popq    %rsi                    # Skip NULL terminator of argv
 139              	.LNextVariable:    
 140:tui/basics/printenv/printenv.s ****     popq    %rsi                    # Get envp[i] pointer
 141:tui/basics/printenv/printenv.s ****     testq   %rsi, %rsi              # End of envp?
 142:tui/basics/printenv/printenv.s ****     jz      .Lexit
 143              	    
 144:tui/basics/printenv/printenv.s ****     movl    $stdout, %edi
 145:tui/basics/printenv/printenv.s ****     call    print_stringz           # Print NAME=VALUE
 146              	    
 147:tui/basics/printenv/printenv.s ****     movl    $stdout, %edi
 148:tui/basics/printenv/printenv.s ****     leaq    .Lendofline(%rip), %rsi
 149:tui/basics/printenv/printenv.s ****     call    print_stringz           # Print EOL
 150:tui/basics/printenv/printenv.s ****     jmp     .LNextVariable
 151              	
 152              	.LGetVariable:
 153:tui/basics/printenv/printenv.s ****     popq    %rdi                    # Target variable name
 154:tui/basics/printenv/printenv.s ****     pushq   %rdi
 155:tui/basics/printenv/printenv.s ****     call    strlen                  # Use library strlen!
 156:tui/basics/printenv/printenv.s ****     movq    %rax, %rcx              # RCX = length of search name
 157              	    
 158:tui/basics/printenv/printenv.s ****     popq    %rdi                    # Restore target name
 159:tui/basics/printenv/printenv.s ****     popq    %rsi                    # Skip NULL argv spacer
 160              	.LgetNV:
 161:tui/basics/printenv/printenv.s ****     popq    %rsi                    # Get next envp string
 162:tui/basics/printenv/printenv.s ****     testq   %rsi, %rsi
 163:tui/basics/printenv/printenv.s ****     jz      .Lexit                  # Not found
 164              	    
 165:tui/basics/printenv/printenv.s ****     pushq   %rdi
 166:tui/basics/printenv/printenv.s ****     pushq   %rcx
 167:tui/basics/printenv/printenv.s ****     pushq   %rsi                    
 168              	    
 169:tui/basics/printenv/printenv.s ****     repe    cmpsb                   # Compare strings
 170:tui/basics/printenv/printenv.s ****     jne     .LnoMatch
 171              	    
 172:tui/basics/printenv/printenv.s ****     cmpb    $'=', (%rsi)            # Is it followed by '='?
 173:tui/basics/printenv/printenv.s ****     je      .LFoundMatch
 174              	
 175              	.LnoMatch:
 176:tui/basics/printenv/printenv.s ****     popq    %rsi
 177:tui/basics/printenv/printenv.s ****     popq    %rcx
 178:tui/basics/printenv/printenv.s ****     popq    %rdi
 179:tui/basics/printenv/printenv.s ****     jmp     .LgetNV
 180              	
 181              	.LFoundMatch:
 182:tui/basics/printenv/printenv.s ****     incq    %rsi                    # Skip '='
 183:tui/basics/printenv/printenv.s ****     movl    $stdout, %edi           # %rsi points to the value
 184:tui/basics/printenv/printenv.s ****     call    print_stringz           
 185              	    
 186:tui/basics/printenv/printenv.s ****     movl    $stdout, %edi
 187:tui/basics/printenv/printenv.s ****     leaq    .Lendofline(%rip), %rsi
 188:tui/basics/printenv/printenv.s ****     call    print_stringz
 189              	
 190              	.Lexit:
 191:tui/basics/printenv/printenv.s ****     movl    $exit, %eax
 192:tui/basics/printenv/printenv.s ****     xorl    %edi, %edi
 193:tui/basics/printenv/printenv.s ****     syscall
 194              	
GAS LISTING tui/basics/printenv/printenv.s 			page 5


 195              	.size _start, . - _start
 196              	.section .note.GNU-stack,"",@progbits
 197              	
GAS LISTING tui/basics/printenv/printenv.s 			page 6


DEFINED SYMBOLS
 includes/unistd.inc:2      *ABS*:0000000000000001 _ASM_UNISTD_64_AS
 includes/unistd.inc:8      *ABS*:0000000000000000 read
 includes/unistd.inc:9      *ABS*:0000000000000001 write
 includes/unistd.inc:10     *ABS*:0000000000000002 open
 includes/unistd.inc:11     *ABS*:0000000000000003 close
 includes/unistd.inc:12     *ABS*:0000000000000004 stat
 includes/unistd.inc:13     *ABS*:0000000000000005 fstat
 includes/unistd.inc:14     *ABS*:0000000000000006 lstat
 includes/unistd.inc:15     *ABS*:0000000000000007 poll
 includes/unistd.inc:16     *ABS*:0000000000000008 lseek
 includes/unistd.inc:17     *ABS*:0000000000000009 mmap
 includes/unistd.inc:18     *ABS*:000000000000000a mprotect
 includes/unistd.inc:19     *ABS*:000000000000000b munmap
 includes/unistd.inc:20     *ABS*:000000000000000c brk
 includes/unistd.inc:21     *ABS*:000000000000000d rt_sigaction
 includes/unistd.inc:22     *ABS*:000000000000000e rt_sigprocmask
 includes/unistd.inc:23     *ABS*:000000000000000f rt_sigreturn
 includes/unistd.inc:24     *ABS*:0000000000000010 ioctl
 includes/unistd.inc:25     *ABS*:0000000000000011 pread64
 includes/unistd.inc:26     *ABS*:0000000000000012 pwrite64
 includes/unistd.inc:27     *ABS*:0000000000000013 readv
 includes/unistd.inc:28     *ABS*:0000000000000014 writev
 includes/unistd.inc:29     *ABS*:0000000000000015 access
 includes/unistd.inc:30     *ABS*:0000000000000016 pipe
 includes/unistd.inc:31     *ABS*:0000000000000017 select
 includes/unistd.inc:32     *ABS*:0000000000000018 sched_yield
 includes/unistd.inc:33     *ABS*:0000000000000019 mremap
 includes/unistd.inc:34     *ABS*:000000000000001a msync
 includes/unistd.inc:35     *ABS*:000000000000001b mincore
 includes/unistd.inc:36     *ABS*:000000000000001c madvise
 includes/unistd.inc:37     *ABS*:000000000000001d shmget
 includes/unistd.inc:38     *ABS*:000000000000001e shmat
 includes/unistd.inc:39     *ABS*:000000000000001f shmctl
 includes/unistd.inc:40     *ABS*:0000000000000020 dup
 includes/unistd.inc:41     *ABS*:0000000000000021 dup2
 includes/unistd.inc:42     *ABS*:0000000000000022 pause
 includes/unistd.inc:43     *ABS*:0000000000000023 nanosleep
 includes/unistd.inc:44     *ABS*:0000000000000024 getitimer
 includes/unistd.inc:45     *ABS*:0000000000000025 alarm
 includes/unistd.inc:46     *ABS*:0000000000000026 setitimer
 includes/unistd.inc:47     *ABS*:0000000000000027 getpid
 includes/unistd.inc:48     *ABS*:0000000000000028 sendfile
 includes/unistd.inc:49     *ABS*:0000000000000029 socket
 includes/unistd.inc:50     *ABS*:000000000000002a connect
 includes/unistd.inc:51     *ABS*:000000000000002b accept
 includes/unistd.inc:52     *ABS*:000000000000002c sendto
 includes/unistd.inc:53     *ABS*:000000000000002d recvfrom
 includes/unistd.inc:54     *ABS*:000000000000002e sendmsg
 includes/unistd.inc:55     *ABS*:000000000000002f recvmsg
 includes/unistd.inc:56     *ABS*:0000000000000030 shutdown
 includes/unistd.inc:57     *ABS*:0000000000000031 bind
 includes/unistd.inc:58     *ABS*:0000000000000032 listen
 includes/unistd.inc:59     *ABS*:0000000000000033 getsockname
 includes/unistd.inc:60     *ABS*:0000000000000034 getpeername
 includes/unistd.inc:61     *ABS*:0000000000000035 socketpair
 includes/unistd.inc:62     *ABS*:0000000000000036 setsockopt
GAS LISTING tui/basics/printenv/printenv.s 			page 7


 includes/unistd.inc:63     *ABS*:0000000000000037 getsockopt
 includes/unistd.inc:64     *ABS*:0000000000000038 clone
 includes/unistd.inc:65     *ABS*:0000000000000039 fork
 includes/unistd.inc:66     *ABS*:000000000000003a vfork
 includes/unistd.inc:67     *ABS*:000000000000003b execve
 includes/unistd.inc:68     *ABS*:000000000000003c exit
 includes/unistd.inc:69     *ABS*:000000000000003d wait4
 includes/unistd.inc:70     *ABS*:000000000000003e kill
 includes/unistd.inc:71     *ABS*:000000000000003f uname
 includes/unistd.inc:72     *ABS*:0000000000000040 semget
 includes/unistd.inc:73     *ABS*:0000000000000041 semop
 includes/unistd.inc:74     *ABS*:0000000000000042 semctl
 includes/unistd.inc:75     *ABS*:0000000000000043 shmdt
 includes/unistd.inc:76     *ABS*:0000000000000044 msgget
 includes/unistd.inc:77     *ABS*:0000000000000045 msgsnd
 includes/unistd.inc:78     *ABS*:0000000000000046 msgrcv
 includes/unistd.inc:79     *ABS*:0000000000000047 msgctl
 includes/unistd.inc:80     *ABS*:0000000000000048 fcntl
 includes/unistd.inc:81     *ABS*:0000000000000049 flock
 includes/unistd.inc:82     *ABS*:000000000000004a fsync
 includes/unistd.inc:83     *ABS*:000000000000004b fdatasync
 includes/unistd.inc:84     *ABS*:000000000000004c truncate
 includes/unistd.inc:85     *ABS*:000000000000004d ftruncate
 includes/unistd.inc:86     *ABS*:000000000000004e getdents
 includes/unistd.inc:87     *ABS*:000000000000004f getcwd
 includes/unistd.inc:88     *ABS*:0000000000000050 chdir
 includes/unistd.inc:89     *ABS*:0000000000000051 fchdir
 includes/unistd.inc:90     *ABS*:0000000000000052 rename
 includes/unistd.inc:91     *ABS*:0000000000000053 mkdir
 includes/unistd.inc:92     *ABS*:0000000000000054 rmdir
 includes/unistd.inc:93     *ABS*:0000000000000055 creat
 includes/unistd.inc:94     *ABS*:0000000000000056 link
 includes/unistd.inc:95     *ABS*:0000000000000057 unlink
 includes/unistd.inc:96     *ABS*:0000000000000058 symlink
 includes/unistd.inc:97     *ABS*:0000000000000059 readlink
 includes/unistd.inc:98     *ABS*:000000000000005a chmod
 includes/unistd.inc:99     *ABS*:000000000000005b fchmod
 includes/unistd.inc:100    *ABS*:000000000000005c chown
 includes/unistd.inc:101    *ABS*:000000000000005d fchown
 includes/unistd.inc:102    *ABS*:000000000000005e lchown
 includes/unistd.inc:103    *ABS*:000000000000005f umask
 includes/unistd.inc:104    *ABS*:0000000000000060 gettimeofday
 includes/unistd.inc:105    *ABS*:0000000000000061 getrlimit
 includes/unistd.inc:106    *ABS*:0000000000000062 getrusage
 includes/unistd.inc:107    *ABS*:0000000000000063 sysinfo
 includes/unistd.inc:108    *ABS*:0000000000000064 times
 includes/unistd.inc:109    *ABS*:0000000000000065 ptrace
 includes/unistd.inc:110    *ABS*:0000000000000066 getuid
 includes/unistd.inc:111    *ABS*:0000000000000067 syslog
 includes/unistd.inc:112    *ABS*:0000000000000068 getgid
 includes/unistd.inc:113    *ABS*:0000000000000069 setuid
 includes/unistd.inc:114    *ABS*:000000000000006a setgid
 includes/unistd.inc:115    *ABS*:000000000000006b geteuid
 includes/unistd.inc:116    *ABS*:000000000000006c getegid
 includes/unistd.inc:117    *ABS*:000000000000006d setpgid
 includes/unistd.inc:118    *ABS*:000000000000006e getppid
 includes/unistd.inc:119    *ABS*:000000000000006f getpgrp
GAS LISTING tui/basics/printenv/printenv.s 			page 8


 includes/unistd.inc:120    *ABS*:0000000000000070 setsid
 includes/unistd.inc:121    *ABS*:0000000000000071 setreuid
 includes/unistd.inc:122    *ABS*:0000000000000072 setregid
 includes/unistd.inc:123    *ABS*:0000000000000073 getgroups
 includes/unistd.inc:124    *ABS*:0000000000000074 setgroups
 includes/unistd.inc:125    *ABS*:0000000000000075 setresuid
 includes/unistd.inc:126    *ABS*:0000000000000076 getresuid
 includes/unistd.inc:127    *ABS*:0000000000000077 setresgid
 includes/unistd.inc:128    *ABS*:0000000000000078 getresgid
 includes/unistd.inc:129    *ABS*:0000000000000079 getpgid
 includes/unistd.inc:130    *ABS*:000000000000007a setfsuid
 includes/unistd.inc:131    *ABS*:000000000000007b setfsgid
 includes/unistd.inc:132    *ABS*:000000000000007c getsid
 includes/unistd.inc:133    *ABS*:000000000000007d capget
 includes/unistd.inc:134    *ABS*:000000000000007e capset
 includes/unistd.inc:135    *ABS*:000000000000007f rt_sigpending
 includes/unistd.inc:136    *ABS*:0000000000000080 rt_sigtimedwait
 includes/unistd.inc:137    *ABS*:0000000000000081 rt_sigqueueinfo
 includes/unistd.inc:138    *ABS*:0000000000000082 rt_sigsuspend
 includes/unistd.inc:139    *ABS*:0000000000000083 sigaltstack
 includes/unistd.inc:140    *ABS*:0000000000000084 utime
 includes/unistd.inc:141    *ABS*:0000000000000085 mknod
 includes/unistd.inc:142    *ABS*:0000000000000086 uselib
 includes/unistd.inc:143    *ABS*:0000000000000087 personality
 includes/unistd.inc:144    *ABS*:0000000000000088 ustat
 includes/unistd.inc:145    *ABS*:0000000000000089 statfs
 includes/unistd.inc:146    *ABS*:000000000000008a fstatfs
 includes/unistd.inc:147    *ABS*:000000000000008b sysfs
 includes/unistd.inc:148    *ABS*:000000000000008c getpriority
 includes/unistd.inc:149    *ABS*:000000000000008d setpriority
 includes/unistd.inc:150    *ABS*:000000000000008e sched_setparam
 includes/unistd.inc:151    *ABS*:000000000000008f sched_getparam
 includes/unistd.inc:152    *ABS*:0000000000000090 sched_setscheduler
 includes/unistd.inc:153    *ABS*:0000000000000091 sched_getscheduler
 includes/unistd.inc:154    *ABS*:0000000000000092 sched_get_priority_max
 includes/unistd.inc:155    *ABS*:0000000000000093 sched_get_priority_min
 includes/unistd.inc:156    *ABS*:0000000000000094 sched_rr_get_interval
 includes/unistd.inc:157    *ABS*:0000000000000095 mlock
 includes/unistd.inc:158    *ABS*:0000000000000096 munlock
 includes/unistd.inc:159    *ABS*:0000000000000097 mlockall
 includes/unistd.inc:160    *ABS*:0000000000000098 munlockall
 includes/unistd.inc:161    *ABS*:0000000000000099 vhangup
 includes/unistd.inc:162    *ABS*:000000000000009a modify_ldt
 includes/unistd.inc:163    *ABS*:000000000000009b pivot_root
 includes/unistd.inc:164    *ABS*:000000000000009c _sysctl
 includes/unistd.inc:165    *ABS*:000000000000009d prctl
 includes/unistd.inc:166    *ABS*:000000000000009e arch_prctl
 includes/unistd.inc:167    *ABS*:000000000000009f adjtimex
 includes/unistd.inc:168    *ABS*:00000000000000a0 setrlimit
 includes/unistd.inc:169    *ABS*:00000000000000a1 chroot
 includes/unistd.inc:170    *ABS*:00000000000000a2 sync
 includes/unistd.inc:171    *ABS*:00000000000000a3 acct
 includes/unistd.inc:172    *ABS*:00000000000000a4 settimeofday
 includes/unistd.inc:173    *ABS*:00000000000000a5 mount
 includes/unistd.inc:174    *ABS*:00000000000000a6 umount2
 includes/unistd.inc:175    *ABS*:00000000000000a7 swapon
 includes/unistd.inc:176    *ABS*:00000000000000a8 swapoff
GAS LISTING tui/basics/printenv/printenv.s 			page 9


 includes/unistd.inc:177    *ABS*:00000000000000a9 reboot
 includes/unistd.inc:178    *ABS*:00000000000000aa sethostname
 includes/unistd.inc:179    *ABS*:00000000000000ab setdomainname
 includes/unistd.inc:180    *ABS*:00000000000000ac iopl
 includes/unistd.inc:181    *ABS*:00000000000000ad ioperm
 includes/unistd.inc:182    *ABS*:00000000000000ae create_module
 includes/unistd.inc:183    *ABS*:00000000000000af init_module
 includes/unistd.inc:184    *ABS*:00000000000000b0 delete_module
 includes/unistd.inc:185    *ABS*:00000000000000b1 get_kernel_syms
 includes/unistd.inc:186    *ABS*:00000000000000b2 query_module
 includes/unistd.inc:187    *ABS*:00000000000000b3 quotactl
 includes/unistd.inc:188    *ABS*:00000000000000b4 nfsservctl
 includes/unistd.inc:189    *ABS*:00000000000000b5 getpmsg
 includes/unistd.inc:190    *ABS*:00000000000000b6 putpmsg
 includes/unistd.inc:191    *ABS*:00000000000000b7 afs_syscall
 includes/unistd.inc:192    *ABS*:00000000000000b8 tuxcall
 includes/unistd.inc:193    *ABS*:00000000000000b9 security
 includes/unistd.inc:194    *ABS*:00000000000000ba gettid
 includes/unistd.inc:195    *ABS*:00000000000000bb readahead
 includes/unistd.inc:196    *ABS*:00000000000000bc setxattr
 includes/unistd.inc:197    *ABS*:00000000000000bd lsetxattr
 includes/unistd.inc:198    *ABS*:00000000000000be fsetxattr
 includes/unistd.inc:199    *ABS*:00000000000000bf getxattr
 includes/unistd.inc:200    *ABS*:00000000000000c0 lgetxattr
 includes/unistd.inc:201    *ABS*:00000000000000c1 fgetxattr
 includes/unistd.inc:202    *ABS*:00000000000000c2 listxattr
 includes/unistd.inc:203    *ABS*:00000000000000c3 llistxattr
 includes/unistd.inc:204    *ABS*:00000000000000c4 flistxattr
 includes/unistd.inc:205    *ABS*:00000000000000c5 removexattr
 includes/unistd.inc:206    *ABS*:00000000000000c6 lremovexattr
 includes/unistd.inc:207    *ABS*:00000000000000c7 fremovexattr
 includes/unistd.inc:208    *ABS*:00000000000000c8 tkill
 includes/unistd.inc:209    *ABS*:00000000000000c9 time
 includes/unistd.inc:210    *ABS*:00000000000000ca futex
 includes/unistd.inc:211    *ABS*:00000000000000cb sched_setaffinity
 includes/unistd.inc:212    *ABS*:00000000000000cc sched_getaffinity
 includes/unistd.inc:213    *ABS*:00000000000000cd set_thread_area
 includes/unistd.inc:214    *ABS*:00000000000000ce io_setup
 includes/unistd.inc:215    *ABS*:00000000000000cf io_destroy
 includes/unistd.inc:216    *ABS*:00000000000000d0 io_getevents
 includes/unistd.inc:217    *ABS*:00000000000000d1 io_submit
 includes/unistd.inc:218    *ABS*:00000000000000d2 io_cancel
 includes/unistd.inc:219    *ABS*:00000000000000d3 get_thread_area
 includes/unistd.inc:220    *ABS*:00000000000000d4 lookup_dcookie
 includes/unistd.inc:221    *ABS*:00000000000000d5 epoll_create
 includes/unistd.inc:222    *ABS*:00000000000000d6 epoll_ctl_old
 includes/unistd.inc:223    *ABS*:00000000000000d7 epoll_wait_old
 includes/unistd.inc:224    *ABS*:00000000000000d8 remap_file_pages
 includes/unistd.inc:225    *ABS*:00000000000000d9 getdents64
 includes/unistd.inc:226    *ABS*:00000000000000da set_tid_address
 includes/unistd.inc:227    *ABS*:00000000000000db restart_syscall
 includes/unistd.inc:228    *ABS*:00000000000000dc semtimedop
 includes/unistd.inc:229    *ABS*:00000000000000dd fadvise64
 includes/unistd.inc:230    *ABS*:00000000000000de timer_create
 includes/unistd.inc:231    *ABS*:00000000000000df timer_settime
 includes/unistd.inc:232    *ABS*:00000000000000e0 timer_gettime
 includes/unistd.inc:233    *ABS*:00000000000000e1 timer_getoverrun
GAS LISTING tui/basics/printenv/printenv.s 			page 10


 includes/unistd.inc:234    *ABS*:00000000000000e2 timer_delete
 includes/unistd.inc:235    *ABS*:00000000000000e3 clock_settime
 includes/unistd.inc:236    *ABS*:00000000000000e4 clock_gettime
 includes/unistd.inc:237    *ABS*:00000000000000e5 clock_getres
 includes/unistd.inc:238    *ABS*:00000000000000e6 clock_nanosleep
 includes/unistd.inc:239    *ABS*:00000000000000e7 exit_group
 includes/unistd.inc:240    *ABS*:00000000000000e8 epoll_wait
 includes/unistd.inc:241    *ABS*:00000000000000e9 epoll_ctl
 includes/unistd.inc:242    *ABS*:00000000000000ea tgkill
 includes/unistd.inc:243    *ABS*:00000000000000eb utimes
 includes/unistd.inc:244    *ABS*:00000000000000ec vserver
 includes/unistd.inc:245    *ABS*:00000000000000ed mbind
 includes/unistd.inc:246    *ABS*:00000000000000ee set_mempolicy
 includes/unistd.inc:247    *ABS*:00000000000000ef get_mempolicy
 includes/unistd.inc:248    *ABS*:00000000000000f0 mq_open
 includes/unistd.inc:249    *ABS*:00000000000000f1 mq_unlink
 includes/unistd.inc:250    *ABS*:00000000000000f2 mq_timedsend
 includes/unistd.inc:251    *ABS*:00000000000000f3 mq_timedreceive
 includes/unistd.inc:252    *ABS*:00000000000000f4 mq_notify
 includes/unistd.inc:253    *ABS*:00000000000000f5 mq_getsetattr
 includes/unistd.inc:254    *ABS*:00000000000000f6 kexec_load
 includes/unistd.inc:255    *ABS*:00000000000000f7 waitid
 includes/unistd.inc:256    *ABS*:00000000000000f8 add_key
 includes/unistd.inc:257    *ABS*:00000000000000f9 request_key
 includes/unistd.inc:258    *ABS*:00000000000000fa keyctl
 includes/unistd.inc:259    *ABS*:00000000000000fb ioprio_set
 includes/unistd.inc:260    *ABS*:00000000000000fc ioprio_get
 includes/unistd.inc:261    *ABS*:00000000000000fd inotify_init
 includes/unistd.inc:262    *ABS*:00000000000000fe inotify_add_watch
 includes/unistd.inc:263    *ABS*:00000000000000ff inotify_rm_watch
 includes/unistd.inc:264    *ABS*:0000000000000100 migrate_pages
 includes/unistd.inc:265    *ABS*:0000000000000101 openat
 includes/unistd.inc:266    *ABS*:0000000000000102 mkdirat
 includes/unistd.inc:267    *ABS*:0000000000000103 mknodat
 includes/unistd.inc:268    *ABS*:0000000000000104 fchownat
 includes/unistd.inc:269    *ABS*:0000000000000105 futimesat
 includes/unistd.inc:270    *ABS*:0000000000000106 newfstatat
 includes/unistd.inc:271    *ABS*:0000000000000107 unlinkat
 includes/unistd.inc:272    *ABS*:0000000000000108 renameat
 includes/unistd.inc:273    *ABS*:0000000000000109 linkat
 includes/unistd.inc:274    *ABS*:000000000000010a symlinkat
 includes/unistd.inc:275    *ABS*:000000000000010b readlinkat
 includes/unistd.inc:276    *ABS*:000000000000010c fchmodat
 includes/unistd.inc:277    *ABS*:000000000000010d faccessat
 includes/unistd.inc:278    *ABS*:000000000000010e pselect6
 includes/unistd.inc:279    *ABS*:000000000000010f ppoll
 includes/unistd.inc:280    *ABS*:0000000000000110 unshare
 includes/unistd.inc:281    *ABS*:0000000000000111 set_robust_list
 includes/unistd.inc:282    *ABS*:0000000000000112 get_robust_list
 includes/unistd.inc:283    *ABS*:0000000000000113 splice
 includes/unistd.inc:284    *ABS*:0000000000000114 tee
 includes/unistd.inc:285    *ABS*:0000000000000115 sync_file_range
 includes/unistd.inc:286    *ABS*:0000000000000116 vmsplice
 includes/unistd.inc:287    *ABS*:0000000000000117 move_pages
 includes/unistd.inc:288    *ABS*:0000000000000118 utimensat
 includes/unistd.inc:289    *ABS*:0000000000000119 epoll_pwait
 includes/unistd.inc:290    *ABS*:000000000000011a signalfd
GAS LISTING tui/basics/printenv/printenv.s 			page 11


 includes/unistd.inc:291    *ABS*:000000000000011b timerfd_create
 includes/unistd.inc:292    *ABS*:000000000000011c eventfd
 includes/unistd.inc:293    *ABS*:000000000000011d fallocate
 includes/unistd.inc:294    *ABS*:000000000000011e timerfd_settime
 includes/unistd.inc:295    *ABS*:000000000000011f timerfd_gettime
 includes/unistd.inc:296    *ABS*:0000000000000120 accept4
 includes/unistd.inc:297    *ABS*:0000000000000121 signalfd4
 includes/unistd.inc:298    *ABS*:0000000000000122 eventfd2
 includes/unistd.inc:299    *ABS*:0000000000000123 epoll_create1
 includes/unistd.inc:300    *ABS*:0000000000000124 dup3
 includes/unistd.inc:301    *ABS*:0000000000000125 pipe2
 includes/unistd.inc:302    *ABS*:0000000000000126 inotify_init1
 includes/unistd.inc:303    *ABS*:0000000000000127 preadv
 includes/unistd.inc:304    *ABS*:0000000000000128 pwritev
 includes/unistd.inc:305    *ABS*:0000000000000129 rt_tgsigqueueinfo
 includes/unistd.inc:306    *ABS*:000000000000012a perf_event_open
 includes/unistd.inc:307    *ABS*:000000000000012b recvmmsg
 includes/unistd.inc:308    *ABS*:000000000000012c fanotify_init
 includes/unistd.inc:309    *ABS*:000000000000012d fanotify_mark
 includes/unistd.inc:310    *ABS*:000000000000012e prlimit64
 includes/unistd.inc:311    *ABS*:000000000000012f name_to_handle_at
 includes/unistd.inc:312    *ABS*:0000000000000130 open_by_handle_at
 includes/unistd.inc:313    *ABS*:0000000000000131 clock_adjtime
 includes/unistd.inc:314    *ABS*:0000000000000132 syncfs
 includes/unistd.inc:315    *ABS*:0000000000000133 sendmmsg
 includes/unistd.inc:316    *ABS*:0000000000000134 setns
 includes/unistd.inc:317    *ABS*:0000000000000135 getcpu
 includes/unistd.inc:318    *ABS*:0000000000000136 process_vm_readv
 includes/unistd.inc:319    *ABS*:0000000000000137 process_vm_writev
 includes/unistd.inc:320    *ABS*:0000000000000138 kcmp
 includes/unistd.inc:321    *ABS*:0000000000000139 finit_module
 includes/unistd.inc:322    *ABS*:000000000000013a sched_setattr
 includes/unistd.inc:323    *ABS*:000000000000013b sched_getattr
 includes/unistd.inc:324    *ABS*:000000000000013c renameat2
 includes/unistd.inc:325    *ABS*:000000000000013d seccomp
 includes/unistd.inc:326    *ABS*:000000000000013e getrandom
 includes/unistd.inc:327    *ABS*:000000000000013f memfd_create
 includes/unistd.inc:328    *ABS*:0000000000000140 kexec_file_load
 includes/unistd.inc:329    *ABS*:0000000000000141 bpf
 includes/unistd.inc:330    *ABS*:0000000000000142 execveat
 includes/unistd.inc:331    *ABS*:0000000000000143 userfaultfd
 includes/unistd.inc:332    *ABS*:0000000000000144 membarrier
 includes/unistd.inc:333    *ABS*:0000000000000145 mlock2
 includes/unistd.inc:334    *ABS*:0000000000000146 copy_file_range
 includes/unistd.inc:335    *ABS*:0000000000000147 preadv2
 includes/unistd.inc:336    *ABS*:0000000000000148 pwritev2
 includes/unistd.inc:337    *ABS*:0000000000000149 pkey_mprotect
 includes/unistd.inc:338    *ABS*:000000000000014a pkey_alloc
 includes/unistd.inc:339    *ABS*:000000000000014b pkey_free
 includes/unistd.inc:340    *ABS*:000000000000014c statx
 includes/unistd.inc:341    *ABS*:000000000000014d io_pgetevents
 includes/unistd.inc:342    *ABS*:000000000000014e rseq
 includes/unistd.inc:343    *ABS*:00000000000001a8 pidfd_send_signal
 includes/unistd.inc:344    *ABS*:00000000000001a9 io_uring_setup
 includes/unistd.inc:345    *ABS*:00000000000001aa io_uring_enter
 includes/unistd.inc:346    *ABS*:00000000000001ab io_uring_register
 includes/unistd.inc:347    *ABS*:00000000000001ac open_tree
GAS LISTING tui/basics/printenv/printenv.s 			page 12


 includes/unistd.inc:348    *ABS*:00000000000001ad move_mount
 includes/unistd.inc:349    *ABS*:00000000000001ae fsopen
 includes/unistd.inc:350    *ABS*:00000000000001af fsconfig
 includes/unistd.inc:351    *ABS*:00000000000001b0 fsmount
 includes/unistd.inc:352    *ABS*:00000000000001b1 fspick
 includes/unistd.inc:353    *ABS*:00000000000001b2 pidfd_open
 includes/unistd.inc:354    *ABS*:00000000000001b3 clone3
 includes/unistd.inc:355    *ABS*:00000000000001b4 close_range
 includes/unistd.inc:356    *ABS*:00000000000001b5 openat2
 includes/unistd.inc:357    *ABS*:00000000000001b6 pidfd_getfd
 includes/unistd.inc:358    *ABS*:00000000000001b7 faccessat2
 includes/unistd.inc:359    *ABS*:00000000000001b8 process_madvise
 includes/unistd.inc:360    *ABS*:00000000000001b9 epoll_pwait2
 includes/unistd.inc:361    *ABS*:00000000000001ba mount_setattr
 includes/unistd.inc:362    *ABS*:00000000000001bb quotactl_fd
 includes/unistd.inc:363    *ABS*:00000000000001bc landlock_create_ruleset
 includes/unistd.inc:364    *ABS*:00000000000001bd landlock_add_rule
 includes/unistd.inc:365    *ABS*:00000000000001be landlock_restrict_self
 includes/unistd.inc:366    *ABS*:00000000000001bf memfd_secret
 includes/unistd.inc:367    *ABS*:00000000000001c0 process_mrelease
 includes/unistd.inc:368    *ABS*:00000000000001c1 futex_waitv
 includes/unistd.inc:369    *ABS*:00000000000001c2 set_mempolicy_home_node
 includes/unistd.inc:371    *ABS*:0000000000000000 stdin
 includes/unistd.inc:372    *ABS*:0000000000000001 stdout
 includes/unistd.inc:373    *ABS*:0000000000000002 stderr
tui/basics/printenv/printenv.s:58     .text:0000000000000000 _start

UNDEFINED SYMBOLS
print_stringz
strlen
