     1                                  ; ==============================================================================
     2                                  ; Name        : colorselection.asm
     3                                  ; Author      : Roberto Aguas Guerreiro [agguro]
     4                                  ; Description : Minimalist color selection dialog (Original Working Version)
     5                                  ; ABI Status  : Compliant (Stack-aligned, Callee-saved preserved)
     6                                  ; ==============================================================================
     7                                  
     8                                  bits 64
     9                                  
    10                                  [list -]
    19                                  
    20                                  extern exit
    21                                  
    22                                  section .bss
    23 00000000 ????????????????             target_label:     resq    1
    24                                  
    25                                  section .data
    26                                       window:
    27 00000000 0000000000000000             .handle:          dq   0
    28 00000008 436F6C6F722053656C-          .title:           db   "Color Selection Dialog", 0
    28 00000011 656374696F6E204469-
    28 0000001A 616C6F6700         
    29                                  
    30                                       signal:
    31 0000001F 64657374726F7900             .destroy:         db   "destroy", 0
    32 00000027 636C69636B656400             .clicked:         db   "clicked", 0
    33                                  
    34                                       label:
    35 0000002F 0000000000000000             .handle:          dq   0
    36 00000037 546869732069732074-          .caption:         db   "This is the demonstration text", 0
    36 00000040 68652064656D6F6E73-
    36 00000049 74726174696F6E2074-
    36 00000052 65787400           
    37                                       
    38                                       box:
    39 00000056 0000000000000000             .handle:          dq   0
    40                                       
    41                                       toolbar:
    42 0000005E 0000000000000000             .handle:          dq   0
    43                                       
    44                                       button:
    45 00000066 0000000000000000             .handle:          dq   0
    46                                       
    47 0000006E 00000000                     result:           dd   0
    48                                       dialog:
    49 00000072 0000000000000000             .handle:          dq   0
    50 0000007A 53656C65637420436F-          .title:           db   "Select Color", 0
    50 00000083 6C6F7200           
    51                                       
    52 00000087 67746B2D73656C6563-          GTK_STOCK_SELECT_COLOR: db "gtk-select-color", 0
    52 00000090 742D636F6C6F7200   
    53 00000098 0000000000000000             colorsel:         dq   0
    54                                       
    55 000000A0 00<rep 10h>                  color:            times 16 db 0 
    56                                  
    57                                  section .text
    58                                       global _start
    59                                  
    60                                  _start:
    61                                       ; 1. Stack Alignment & GTK3 Init
    62 00000000 488B3C24                     mov      rdi, [rsp]                ; argc
    63 00000004 488D742408                   lea      rsi, [rsp + 8]            ; argv
    64 00000009 4989FC                       mov      r12, rdi
    65 0000000C 4989F5                       mov      r13, rsi
    66                                  
    67 0000000F 4883E4F0                     and      rsp, -16
    68 00000013 4883EC10                     sub      rsp, 16
    69 00000017 488D3C24                     lea      rdi, [rsp]
    70 0000001B 4C8927                       mov      [rdi], r12
    71 0000001E 488D742408                   lea      rsi, [rsp + 8]
    72 00000023 4C892E                       mov      [rsi], r13
    73 00000026 E8(00000000)                 call     gtk_init
    74                                  
    75                                       ; 2. GUI Construction
    76 0000002B BF00000000                   mov        rdi, GTK_WINDOW_TOPLEVEL
    77 00000030 E8(00000000)                 call       gtk_window_new
    78 00000035 48890425[00000000]           mov        qword [window.handle], rax
    79                                  
    80 0000003D 488B3C25[00000000]           mov        rdi, qword [window.handle]
    81 00000045 BE01000000                   mov        rsi, GTK_WIN_POS_CENTER
    82 0000004A E8(00000000)                 call       gtk_window_set_position
    83                                  
    84 0000004F 488B3C25[00000000]           mov        rdi, qword [window.handle]
    85 00000057 BEF4010000                   mov        rsi, 500
    86 0000005C BAC8000000                   mov        rdx, 200
    87 00000061 E8(00000000)                 call       gtk_window_set_default_size
    88                                  
    89 00000066 488B3C25[00000000]           mov        rdi, qword [window.handle]
    90 0000006E 48BE-                        mov        rsi, window.title
    90 00000070 [0800000000000000] 
    91 00000078 E8(00000000)                 call       gtk_window_set_title
    92                                  
    93 0000007D BF01000000                   mov        rdi, TRUE
    94 00000082 4831F6                       xor        rsi, rsi
    95 00000085 E8(00000000)                 call       gtk_box_new
    96 0000008A 48890425[56000000]           mov        qword [box.handle], rax
    97                                  
    98 00000092 488B3C25[00000000]           mov        rdi, qword [window.handle]
    99 0000009A 488B3425[56000000]           mov        rsi, qword [box.handle]
   100 000000A2 E8(00000000)                 call       gtk_container_add
   101                                  
   102 000000A7 E8(00000000)                 call       gtk_toolbar_new
   103 000000AC 48890425[5E000000]           mov        qword [toolbar.handle], rax
   104                                  
   105 000000B4 488B3C25[5E000000]           mov        rdi, qword [toolbar.handle]
   106 000000BC BE00000000                   mov        rsi, GTK_TOOLBAR_ICONS
   107 000000C1 E8(00000000)                 call       gtk_toolbar_set_style
   108                                  
   109 000000C6 48BF-                        mov        rdi, GTK_STOCK_SELECT_COLOR
   109 000000C8 [8700000000000000] 
   110 000000D0 E8(00000000)                 call       gtk_tool_button_new_from_stock
   111 000000D5 48890425[66000000]           mov        qword [button.handle], rax
   112                                  
   113 000000DD 488B3C25[5E000000]           mov        rdi, qword [toolbar.handle]
   114 000000E5 488B3425[66000000]           mov        rsi, qword [button.handle]
   115 000000ED 48C7C2FFFFFFFF               mov        rdx, -1
   116 000000F4 E8(00000000)                 call       gtk_toolbar_insert
   117                                  
   118 000000F9 488B3C25[56000000]           mov        rdi, qword [box.handle]
   119 00000101 488B3425[5E000000]           mov        rsi, qword [toolbar.handle]
   120 00000109 BA00000000                   mov        rdx, FALSE
   121 0000010E B900000000                   mov        rcx, FALSE
   122 00000113 41B805000000                 mov        r8d, 5
   123 00000119 E8(00000000)                 call       gtk_box_pack_start
   124                                  
   125 0000011E 48BF-                        mov        rdi, label.caption
   125 00000120 [3700000000000000] 
   126 00000128 E8(00000000)                 call       gtk_label_new
   127 0000012D 48890425[2F000000]           mov        qword [label.handle], rax
   128                                  
   129 00000135 488B3C25[2F000000]           mov        rdi, qword [label.handle]
   130 0000013D BE02000000                   mov        rsi, GTK_JUSTIFY_CENTER
   131 00000142 E8(00000000)                 call       gtk_label_set_justify
   132                                  
   133 00000147 488B3C25[56000000]           mov        rdi, qword [box.handle]
   134 0000014F 488B3425[2F000000]           mov        rsi, qword [label.handle]
   135 00000157 BA01000000                   mov        rdx, TRUE
   136 0000015C B900000000                   mov        rcx, FALSE
   137 00000161 41B805000000                 mov        r8, 5
   138 00000167 E8(00000000)                 call       gtk_box_pack_start
   139                                  
   140                                       ; 3. Signals
   141 0000016C 4531C9                       xor        r9d, r9d
   142 0000016F 4531C0                       xor        r8d, r8d
   143 00000172 488B0C25[2F000000]           mov        rcx, qword [label.handle]
   144 0000017A 48BA-                        mov        rdx, select_color
   144 0000017C [DC01000000000000] 
   145 00000184 48BE-                        mov        rsi, signal.clicked
   145 00000186 [2700000000000000] 
   146 0000018E 488B3C25[66000000]           mov        rdi, qword [button.handle]
   147 00000196 E8(00000000)                 call       g_signal_connect_data
   148                                  
   149 0000019B 4531C9                       xor        r9d, r9d
   150 0000019E 4531C0                       xor        r8d, r8d
   151 000001A1 4831C9                       xor        rcx, rcx
   152 000001A4 48BA-                        mov        rdx, gtk_main_quit
   152 000001A6 [0000000000000000] 
   153 000001AE 48BE-                        mov        rsi, signal.destroy
   153 000001B0 [1F00000000000000] 
   154 000001B8 488B3C25[00000000]           mov        rdi, qword [window.handle]
   155 000001C0 E8(00000000)                 call       g_signal_connect_data
   156                                  
   157 000001C5 488B3C25[00000000]           mov        rdi, qword [window.handle]
   158 000001CD E8(00000000)                 call       gtk_widget_show_all
   159 000001D2 E8(00000000)                 call       gtk_main
   160 000001D7 E8(00000000)                 call       exit
   161                                  
   162                                  ; ==============================================================================
   163                                  ; Callback: select_color
   164                                  ; ==============================================================================
   165                                  select_color:
   166 000001DC 55                           push       rbp
   167 000001DD 4889E5                       mov        rbp, rsp
   168 000001E0 4883E4F0                     and        rsp, -16
   169                                  
   170 000001E4 48893425[00000000]           mov        qword [target_label], rsi
   171                                  
   172 000001EC 48BF-                        mov        rdi, dialog.title
   172 000001EE [7A00000000000000] 
   173 000001F6 E8(00000000)                 call       gtk_color_selection_dialog_new
   174 000001FB 48890425[72000000]           mov        qword [dialog.handle], rax
   175                                  
   176 00000203 488B3C25[72000000]           mov        rdi, qword [dialog.handle]
   177 0000020B 488B3425[00000000]           mov        rsi, qword [window.handle]
   178 00000213 E8(00000000)                 call       gtk_window_set_transient_for
   179                                      
   180 00000218 488B3C25[72000000]           mov        rdi, qword [dialog.handle]
   181 00000220 E8(00000000)                 call       gtk_dialog_run
   182 00000225 890425[6E000000]             mov        dword [result], eax
   183                                  
   184 0000022C 83F8FB                       cmp        eax, GTK_RESPONSE_OK
   185 0000022F 753B                         jne        .exit_callback
   186                                  
   187 00000231 488B3C25[72000000]           mov        rdi, qword [dialog.handle]
   188 00000239 E8(00000000)                 call       gtk_color_selection_dialog_get_color_selection
   189                                       
   190 0000023E 4889C7                       mov        rdi, rax
   191 00000241 48BE-                        mov        rsi, color
   191 00000243 [A000000000000000] 
   192 0000024B E8(00000000)                 call       gtk_color_selection_get_current_color
   193                                  
   194 00000250 488B3C25[00000000]           mov        rdi, qword [target_label]
   195 00000258 BE00000000                   mov        rsi, GTK_STATE_NORMAL
   196 0000025D 48BA-                        mov        rdx, color
   196 0000025F [A000000000000000] 
   197 00000267 E8(00000000)                 call       gtk_widget_modify_fg
   198                                  
   199                                  .exit_callback:
   200 0000026C 488B3C25[72000000]           mov        rdi, qword [dialog.handle]
   201 00000274 E8(00000000)                 call       gtk_widget_destroy
   202 00000279 C9                           leave
   203 0000027A C3                           ret
