     1                                  ; ==============================================================================
     2                                  ; Name        : simplemenu.asm
     3                                  ; Author      : Roberto Aguas Guerreiro [agguro]
     4                                  ; Description : A simple menu bar example with File drop-down
     5                                  ; ABI Status  : Compliant (Stack-aligned, Callee-saved preserved)
     6                                  ; ==============================================================================
     7                                  
     8                                  bits 64
     9                                  
    10                                  [list -]
    19                                  
    20                                  section .bss
    21                                       window:
    22 00000000 ????????????????             .handle:          resq      1
    23 00000008 ????????????????             pixbuffer:        resq      1
    24 00000010 ????????????????             error:            resq      1
    25                                       box:
    26 00000018 ????????????????             .handle:          resq      1
    27                                       menubar:
    28 00000020 ????????????????             .handle:          resq      1
    29                                       filemenu:
    30 00000028 ????????????????             .handle:          resq      1
    31                                       menuitem:
    32 00000030 ????????????????             .file:            resq      1
    33 00000038 ????????????????             .quit:            resq      1
    34                                  
    35                                  section .data
    36                                       mainwindow:
    37 00000000 73696D706C65206D65-          .title:           db        "simple menu", 0
    37 00000009 6E7500             
    38                                  
    39                                       signal:
    40 0000000C 64657374726F7900             .destroy:         db        "destroy", 0
    41 00000014 616374697661746500           .activate:        db        "activate", 0
    42                                  
    43                                       icon:
    44 0000001D 7265736F7572636573-          .file:            db        "resources/pictures/logo.png", 0
    44 00000026 2F7069637475726573-
    44 0000002F 2F6C6F676F2E706E67-
    44 00000038 00                 
    45                                  
    46                                       menuitem.text:
    47 00000039 46696C6500                   .file:            db        "File", 0
    48 0000003E 5175697400                   .quit:            db        "Quit", 0
    49                                  
    50                                  section .text
    51                                       global _start
    52                                  
    53                                  _start:
    54                                       ; 1. Stack Alignment conform System V AMD64 ABI
    55 00000000 488B3C24                     mov        rdi, [rsp]
    56 00000004 488D742408                   lea        rsi, [rsp + 8]
    57 00000009 4989FC                       mov        r12, rdi
    58 0000000C 4989F5                       mov        r13, rsi
    59                                  
    60 0000000F 4883E4F0                     and        rsp, -16
    61 00000013 4883EC10                     sub        rsp, 16
    62 00000017 488D3C24                     lea        rdi, [rsp]
    63 0000001B 4C8927                       mov        [rdi], r12
    64 0000001E 488D742408                   lea        rsi, [rsp + 8]
    65 00000023 4C892E                       mov        [rsi], r13
    66                                  
    67 00000026 E8(00000000)                 call       gtk_init
    68                                  
    69                                       ; 2. Build Window
    70 0000002B BF00000000                   mov        rdi, GTK_WINDOW_TOPLEVEL
    71 00000030 E8(00000000)                 call       gtk_window_new
    72 00000035 48890425[00000000]           mov        qword [window.handle], rax
    73                                  
    74 0000003D 488B3C25[00000000]           mov        rdi, qword [window.handle]
    75 00000045 BE01000000                   mov        rsi, GTK_WIN_POS_CENTER
    76 0000004A E8(00000000)                 call       gtk_window_set_position
    77 0000004F 488B3C25[00000000]           mov        rdi, qword [window.handle]
    78 00000057 BEFA000000                   mov        rsi, 250
    79 0000005C BAC8000000                   mov        rdx, 200
    80 00000061 E8(00000000)                 call       gtk_window_set_default_size
    81 00000066 488B3C25[00000000]           mov        rdi, qword [window.handle]
    82 0000006E 48BE-                        mov        rsi, mainwindow.title
    82 00000070 [0000000000000000] 
    83 00000078 E8(00000000)                 call       gtk_window_set_title
    84                                  
    85 0000007D 48BF-                        mov        rdi, icon.file
    85 0000007F [1D00000000000000] 
    86 00000087 48BE-                        mov        rsi, error
    86 00000089 [1000000000000000] 
    87 00000091 E8(00000000)                 call       gdk_pixbuf_new_from_file
    88 00000096 48890425[08000000]           mov        qword [pixbuffer], rax
    89                                  
    90 0000009E 488B3C25[00000000]           mov        rdi, qword [window.handle]
    91 000000A6 488B3425[08000000]           mov        rsi, qword [pixbuffer]
    92 000000AE E8(00000000)                 call       gtk_window_set_icon
    93                                  
    94 000000B3 BF01000000                   mov        rdi, GTK_ORIENTATION_VERTICAL
    95 000000B8 4831F6                       xor        rsi, rsi
    96 000000BB E8(00000000)                 call       gtk_box_new
    97 000000C0 48890425[18000000]           mov        qword [box.handle], rax
    98 000000C8 488B3C25[00000000]           mov        rdi, qword [window.handle]
    99 000000D0 488B3425[18000000]           mov        rsi, qword [box.handle]
   100 000000D8 E8(00000000)                 call       gtk_container_add
   101                                  
   102                                       ; 3. Build Menu Shell
   103 000000DD E8(00000000)                 call       gtk_menu_bar_new
   104 000000E2 48890425[20000000]           mov        qword [menubar.handle], rax
   105 000000EA E8(00000000)                 call       gtk_menu_new
   106 000000EF 48890425[28000000]           mov        qword [filemenu.handle], rax
   107                                  
   108 000000F7 48BF-                        mov        rdi, menuitem.text.file
   108 000000F9 [3900000000000000] 
   109 00000101 E8(00000000)                 call       gtk_menu_item_new_with_label
   110 00000106 48890425[30000000]           mov        qword [menuitem.file], rax
   111 0000010E 48BF-                        mov        rdi, menuitem.text.quit
   111 00000110 [3E00000000000000] 
   112 00000118 E8(00000000)                 call       gtk_menu_item_new_with_label
   113 0000011D 48890425[38000000]           mov        qword [menuitem.quit], rax
   114                                  
   115 00000125 488B3C25[30000000]           mov        rdi, qword [menuitem.file]
   116 0000012D 488B3425[28000000]           mov        rsi, qword [filemenu.handle]
   117 00000135 E8(00000000)                 call       gtk_menu_item_set_submenu
   118                                  
   119 0000013A 488B3C25[28000000]           mov        rdi, qword [filemenu.handle]
   120 00000142 488B3425[38000000]           mov        rsi, qword [menuitem.quit]
   121 0000014A E8(00000000)                 call       gtk_menu_shell_append
   122                                  
   123 0000014F 488B3C25[20000000]           mov        rdi, qword [menubar.handle]
   124 00000157 488B3425[30000000]           mov        rsi, qword [menuitem.file]
   125 0000015F E8(00000000)                 call       gtk_menu_shell_append
   126                                  
   127 00000164 488B3C25[18000000]           mov        rdi, qword [box.handle]
   128 0000016C 488B3425[20000000]           mov        rsi, qword [menubar.handle]
   129 00000174 4831D2                       xor        rdx, rdx
   130 00000177 4831C9                       xor        rcx, rcx
   131 0000017A 41B803000000                 mov        r8d, 3
   132 00000180 E8(00000000)                 call       gtk_box_pack_start
   133                                  
   134                                       ; 4. Signals
   135                                       %macro connect_sig 3
   136                                          xor     r9d, r9d
   137                                          xor     r8d, r8d
   138                                          xor     rcx, rcx
   139                                          mov     rdx, %3
   140                                          mov     rsi, %2
   141                                          mov     rdi, %1
   142                                          call    g_signal_connect_data
   143                                       %endmacro
   144                                  
   145                                       connect_sig [window.handle], signal.destroy, Quit
   136 00000185 4531C9              <1>  xor r9d, r9d
   137 00000188 4531C0              <1>  xor r8d, r8d
   138 0000018B 4831C9              <1>  xor rcx, rcx
   139 0000018E 48BA-               <1>  mov rdx, %3
   139 00000190 [F301000000000000]  <1>
   140 00000198 48BE-               <1>  mov rsi, %2
   140 0000019A [0C00000000000000]  <1>
   141 000001A2 488B3C25[00000000]  <1>  mov rdi, %1
   142 000001AA E8(00000000)        <1>  call g_signal_connect_data
   146                                       connect_sig [menuitem.quit], signal.activate, Quit
   136 000001AF 4531C9              <1>  xor r9d, r9d
   137 000001B2 4531C0              <1>  xor r8d, r8d
   138 000001B5 4831C9              <1>  xor rcx, rcx
   139 000001B8 48BA-               <1>  mov rdx, %3
   139 000001BA [F301000000000000]  <1>
   140 000001C2 48BE-               <1>  mov rsi, %2
   140 000001C4 [1400000000000000]  <1>
   141 000001CC 488B3C25[38000000]  <1>  mov rdi, %1
   142 000001D4 E8(00000000)        <1>  call g_signal_connect_data
   147                                  
   148 000001D9 488B3C25[00000000]           mov        rdi, qword [window.handle]
   149 000001E1 E8(00000000)                 call       gtk_widget_show_all
   150 000001E6 E8(00000000)                 call       gtk_main
   151 000001EB 4831FF                       xor        rdi, rdi
   152 000001EE E8(00000000)                 call       exit
   153                                  
   154                                  ; Callback
   155                                  Quit:
   156 000001F3 55                           push       rbp
   157 000001F4 4889E5                       mov        rbp, rsp
   158 000001F7 4883E4F0                     and        rsp, -16
   159 000001FB E8(00000000)                 call       gtk_main_quit
   160 00000200 C9                           leave
   161 00000201 C3                           ret
