     1                                  ; ==============================================================================
     2                                  ; Name        : gtkentry.asm
     3                                  ; Author      : Roberto Aguas Guerreiro [agguro]
     4                                  ; Description : GtkEntry with real-time preview label updates
     5                                  ; ABI Status  : Compliant (Stack-aligned, Callee-saved preserved)
     6                                  ; ==============================================================================
     7                                  
     8                                  bits 64
     9                                  
    10                                  [list -]
    19                                  
    20                                  section .bss
    21 00000000 ????????????????             target_label:     resq      1
    22                                  
    23                                  section .data
    24 00000000 <bin 18C3h>                  logo:             incbin    "../resources/pictures/logo.png"
    25                                       logo_size:        equ       $ - logo
    26                                  
    27                                       window:
    28 000018C3 0000000000000000             .handle:          dq        0
    29 000018CB 47746B456E74727900           .title:           db        "GtkEntry", 0
    30                                  
    31                                       signal:
    32 000018D4 64657374726F7900             .destroy:         db        "destroy", 0
    33 000018DC 636C69636B656400             .clicked:         db        "clicked", 0
    34 000018E4 6368616E67656400             .changed:         db        "changed", 0
    35                                  
    36                                       vbox:
    37 000018EC 0000000000000000             .handle:          dq        0
    38                                  
    39                                       hbox:
    40 000018F4 0000000000000000             .handle:          dq        0
    41                                  
    42                                       name_label:
    43 000018FC 0000000000000000             .handle:          dq        0
    44 00001904 4E616D653A2000               .text:            db        "Name: ", 0
    45                                  
    46                                       entry:
    47 0000190B 0000000000000000             .handle:          dq        0
    48                                  
    49                                       button_ok:
    50 00001913 0000000000000000             .handle:          dq        0
    51 0000191B 4F4B00                       .text:            db        "OK", 0
    52                                  
    53                                       label_out:
    54 0000191E 0000000000000000             .handle:          dq        0
    55 00001926 28596F757220746578-          .text:            db        "(Your text will appear here)", 0
    55 0000192F 742077696C6C206170-
    55 00001938 706561722068657265-
    55 00001941 2900               
    56                                  
    57 00001943 0000000000000000             loader:           dq        0
    58 0000194B 0000000000000000             pixbuffer:        dq        0
    59                                  
    60                                  section .text
    61                                       global _start
    62                                  
    63                                  _start:
    64                                       ; 1. Stack Alignment & GTK3 Init
    65 00000000 488B3C24                     mov        rdi, [rsp]                ; argc
    66 00000004 488D742408                   lea        rsi, [rsp + 8]            ; argv
    67 00000009 4989FC                       mov        r12, rdi
    68 0000000C 4989F5                       mov        r13, rsi
    69                                  
    70 0000000F 4883E4F0                     and        rsp, -16
    71 00000013 4883EC10                     sub        rsp, 16
    72 00000017 488D3C24                     lea        rdi, [rsp]
    73 0000001B 4C8927                       mov        [rdi], r12
    74 0000001E 488D742408                   lea        rsi, [rsp + 8]
    75 00000023 4C892E                       mov        [rsi], r13
    76                                  
    77 00000026 E8(00000000)                 call       gtk_init
    78                                  
    79                                       ; 2. Generate Pixbuf
    80 0000002B E8(00000000)                 call       gdk_pixbuf_loader_new
    81 00000030 48890425[43190000]           mov        qword [loader], rax
    82 00000038 488B3C25[43190000]           mov        rdi, qword [loader]
    83 00000040 48BE-                        mov        rsi, logo
    83 00000042 [0000000000000000] 
    84 0000004A BAC3180000                   mov        edx, logo_size
    85 0000004F 4831C9                       xor        rcx, rcx
    86 00000052 E8(00000000)                 call       gdk_pixbuf_loader_write
    87 00000057 488B3C25[43190000]           mov        rdi, qword [loader]
    88 0000005F E8(00000000)                 call       gdk_pixbuf_loader_get_pixbuf
    89 00000064 48890425[4B190000]           mov        qword [pixbuffer], rax
    90                                  
    91                                       ; 3. Build Window
    92 0000006C BF00000000                   mov        rdi, GTK_WINDOW_TOPLEVEL
    93 00000071 E8(00000000)                 call       gtk_window_new
    94 00000076 48890425[C3180000]           mov        qword [window.handle], rax
    95                                  
    96 0000007E 488B3C25[C3180000]           mov        rdi, qword [window.handle]
    97 00000086 48BE-                        mov        rsi, window.title
    97 00000088 [CB18000000000000] 
    98 00000090 E8(00000000)                 call       gtk_window_set_title
    99 00000095 488B3C25[C3180000]           mov        rdi, qword [window.handle]
   100 0000009D BE90010000                   mov        rsi, 400
   101 000000A2 BA96000000                   mov        rdx, 150
   102 000000A7 E8(00000000)                 call       gtk_window_set_default_size
   103 000000AC 488B3C25[C3180000]           mov        rdi, qword [window.handle]
   104 000000B4 BE01000000                   mov        rsi, GTK_WIN_POS_CENTER
   105 000000B9 E8(00000000)                 call       gtk_window_set_position
   106 000000BE 488B3C25[C3180000]           mov        rdi, qword [window.handle]
   107 000000C6 488B3425[4B190000]           mov        rsi, qword [pixbuffer]
   108 000000CE E8(00000000)                 call       gtk_window_set_icon
   109                                       
   110 000000D3 488B3C25[C3180000]           mov        rdi, qword [window.handle]
   111 000000DB BE0F000000                   mov        rsi, 15
   112 000000E0 E8(00000000)                 call       gtk_container_set_border_width
   113                                  
   114                                       ; 4. Build Containers
   115 000000E5 BF01000000                   mov        rdi, GTK_ORIENTATION_VERTICAL
   116 000000EA BE0F000000                   mov        rsi, 15
   117 000000EF E8(00000000)                 call       gtk_box_new
   118 000000F4 48890425[EC180000]           mov        qword [vbox.handle], rax
   119 000000FC 488B3C25[C3180000]           mov        rdi, qword [window.handle]
   120 00000104 488B3425[EC180000]           mov        rsi, qword [vbox.handle]
   121 0000010C E8(00000000)                 call       gtk_container_add
   122                                  
   123 00000111 BF00000000                   mov        rdi, GTK_ORIENTATION_HORIZONTAL
   124 00000116 BE08000000                   mov        rsi, 8
   125 0000011B E8(00000000)                 call       gtk_box_new
   126 00000120 48890425[F4180000]           mov        qword [hbox.handle], rax
   127                                  
   128                                       ; 5. Instantiate Widgets
   129 00000128 48BF-                        mov        rdi, name_label.text
   129 0000012A [0419000000000000] 
   130 00000132 E8(00000000)                 call       gtk_label_new
   131 00000137 48890425[FC180000]           mov        qword [name_label.handle], rax
   132                                  
   133 0000013F E8(00000000)                 call       gtk_entry_new
   134 00000144 48890425[0B190000]           mov        qword [entry.handle], rax
   135                                  
   136 0000014C 48BF-                        mov        rdi, button_ok.text
   136 0000014E [1B19000000000000] 
   137 00000156 E8(00000000)                 call       gtk_button_new_with_label
   138 0000015B 48890425[13190000]           mov        qword [button_ok.handle], rax
   139                                  
   140                                       ; Pack HBox
   141 00000163 488B3C25[F4180000]           mov        rdi, qword [hbox.handle]
   142 0000016B 488B3425[FC180000]           mov        rsi, qword [name_label.handle]
   143 00000173 4831D2                       xor        rdx, rdx
   144 00000176 4831C9                       xor        rcx, rcx
   145 00000179 4531C0                       xor        r8d, r8d
   146 0000017C E8(00000000)                 call       gtk_box_pack_start
   147                                  
   148 00000181 488B3C25[F4180000]           mov        rdi, qword [hbox.handle]
   149 00000189 488B3425[0B190000]           mov        rsi, qword [entry.handle]
   150 00000191 BA01000000                   mov        rdx, TRUE
   151 00000196 B901000000                   mov        rcx, TRUE
   152 0000019B 4531C0                       xor        r8d, r8d
   153 0000019E E8(00000000)                 call       gtk_box_pack_start
   154                                  
   155 000001A3 488B3C25[F4180000]           mov        rdi, qword [hbox.handle]
   156 000001AB 488B3425[13190000]           mov        rsi, qword [button_ok.handle]
   157 000001B3 4831D2                       xor        rdx, rdx
   158 000001B6 4831C9                       xor        rcx, rcx
   159 000001B9 4531C0                       xor        r8d, r8d
   160 000001BC E8(00000000)                 call       gtk_box_pack_start
   161                                  
   162 000001C1 488B3C25[EC180000]           mov        rdi, qword [vbox.handle]
   163 000001C9 488B3425[F4180000]           mov        rsi, qword [hbox.handle]
   164 000001D1 4831D2                       xor        rdx, rdx
   165 000001D4 4831C9                       xor        rcx, rcx
   166 000001D7 4531C0                       xor        r8d, r8d
   167 000001DA E8(00000000)                 call       gtk_box_pack_start
   168                                  
   169 000001DF 48BF-                        mov        rdi, label_out.text
   169 000001E1 [2619000000000000] 
   170 000001E9 E8(00000000)                 call       gtk_label_new
   171 000001EE 48890425[1E190000]           mov        qword [label_out.handle], rax
   172 000001F6 488B3C25[EC180000]           mov        rdi, qword [vbox.handle]
   173 000001FE 488B3425[1E190000]           mov        rsi, qword [label_out.handle]
   174 00000206 4831D2                       xor        rdx, rdx
   175 00000209 4831C9                       xor        rcx, rcx
   176 0000020C 41B80A000000                 mov        r8d, 10
   177 00000212 E8(00000000)                 call       gtk_box_pack_start
   178                                  
   179                                       ; 6. Signal Connections
   180 00000217 4531C9                       xor        r9d, r9d
   181 0000021A 4531C0                       xor        r8d, r8d
   182 0000021D 488B0C25[1E190000]           mov        rcx, qword [label_out.handle]
   183 00000225 48BA-                        mov        rdx, on_entry_changed
   183 00000227 [8702000000000000] 
   184 0000022F 48BE-                        mov        rsi, signal.changed
   184 00000231 [E418000000000000] 
   185 00000239 488B3C25[0B190000]           mov        rdi, qword [entry.handle]
   186 00000241 E8(00000000)                 call       g_signal_connect_data
   187                                  
   188 00000246 4531C9                       xor        r9d, r9d
   189 00000249 4531C0                       xor        r8d, r8d
   190 0000024C 4831C9                       xor        rcx, rcx
   191 0000024F 48BA-                        mov        rdx, gtk_main_quit
   191 00000251 [0000000000000000] 
   192 00000259 48BE-                        mov        rsi, signal.destroy
   192 0000025B [D418000000000000] 
   193 00000263 488B3C25[C3180000]           mov        rdi, qword [window.handle]
   194 0000026B E8(00000000)                 call       g_signal_connect_data
   195                                  
   196 00000270 488B3C25[C3180000]           mov        rdi, qword [window.handle]
   197 00000278 E8(00000000)                 call       gtk_widget_show_all
   198 0000027D E8(00000000)                 call       gtk_main
   199 00000282 E8(00000000)                 call       exit
   200                                  
   201                                  ; Callback: on_entry_changed (Live update)
   202                                  on_entry_changed:
   203 00000287 55                           push       rbp
   204 00000288 4889E5                       mov        rbp, rsp
   205 0000028B 4883E4F0                     and        rsp, -16
   206                                       
   207 0000028F 48893425[00000000]           mov        qword [target_label], rsi
   208 00000297 488B3C25[0B190000]           mov        rdi, qword [entry.handle]
   209 0000029F E8(00000000)                 call       gtk_entry_get_text
   210                                       
   211 000002A4 488B3C25[00000000]           mov        rdi, qword [target_label]
   212 000002AC 4889C6                       mov        rsi, rax
   213 000002AF E8(00000000)                 call       gtk_label_set_text
   214                                       
   215 000002B4 C9                           leave
   216 000002B5 C3                           ret
