     1                                  ; ==============================================================================
     2                                  ; Name        : inc-dec.asm
     3                                  ; Author      : Roberto Aguas Guerreiro [agguro]
     4                                  ; Description : Three widgets example updating a shared counter
     5                                  ; ABI Status  : Compliant (Stack-aligned, Callee-saved preserved)
     6                                  ; ==============================================================================
     7                                  
     8                                  bits 64
     9                                  
    10                                  [list -]
    19                                  
    20                                  %define   WIDTH    250
    21                                  %define   HEIGHT   150
    22                                  
    23                                  section .bss
    24                                       window:
    25 00000000 ????????????????             .handle:          resq      1
    26                                       frame:
    27 00000008 ????????????????             .handle:          resq      1
    28                                       plusbutton:
    29 00000010 ????????????????             .handle:          resq      1
    30                                       minusbutton:
    31 00000018 ????????????????             .handle:          resq      1
    32                                       label:
    33 00000020 ????????????????             .handle:          resq      1
    34 00000028 <res 20h>                    buffer:           resb      32
    35 00000048 ????????????????             loader:           resq      1
    36 00000050 ????????????????             pixbuffer:        resq      1
    37                                  
    38                                  section .data
    39 00000000 696E63726561736520-          title:            db        "increase - decrease", 0
    39 00000009 2D2064656372656173-
    39 00000012 6500               
    40 00000014 7265736F7572636573-          iconfile:         db        "resources/pictures/logo.png", 0
    40 0000001D 2F7069637475726573-
    40 00000026 2F6C6F676F2E706E67-
    40 0000002F 00                 
    41                                       signal:
    42 00000030 64657374726F7900             .destroy:         db        "destroy", 0
    43 00000038 636C69636B656400             .clicked:         db        "clicked", 0
    44 00000040 2B00                         plussign:         db        "+", 0
    45 00000042 2D00                         minussign:        db        "-", 0
    46 00000044 0000000000000000             count:            dq        0
    47 0000004C 256400                       mask:             db        "%d", 0
    48                                  
    49                                  section .text
    50                                       global _start
    51                                  
    52                                  _start:
    53                                       ; 1. Stack Alignment conform System V AMD64 ABI
    54 00000000 488B3C24                     mov        rdi, [rsp]
    55 00000004 488D742408                   lea        rsi, [rsp + 8]
    56 00000009 4989FC                       mov        r12, rdi
    57 0000000C 4989F5                       mov        r13, rsi
    58                                  
    59 0000000F 4883E4F0                     and        rsp, -16
    60 00000013 4883EC10                     sub        rsp, 16
    61 00000017 488D3C24                     lea        rdi, [rsp]
    62 0000001B 4C8927                       mov        [rdi], r12
    63 0000001E 488D742408                   lea        rsi, [rsp + 8]
    64 00000023 4C892E                       mov        [rsi], r13
    65                                  
    66 00000026 E8(00000000)                 call       gtk_init
    67                                  
    68                                       ; 2. Configure Window Frame
    69 0000002B 48BF-                        mov        rdi, iconfile
    69 0000002D [1400000000000000] 
    70 00000035 E8(00000000)                 call       gdk_pixbuf_new_from_file
    71 0000003A 48890425[50000000]           mov        qword [pixbuffer], rax
    72                                  
    73 00000042 BF00000000                   mov        rdi, GTK_WINDOW_TOPLEVEL
    74 00000047 E8(00000000)                 call       gtk_window_new
    75 0000004C 48890425[00000000]           mov        qword [window.handle], rax
    76                                  
    77 00000054 488B3C25[00000000]           mov        rdi, qword [window.handle]
    78 0000005C 48BE-                        mov        rsi, title
    78 0000005E [0000000000000000] 
    79 00000066 E8(00000000)                 call       gtk_window_set_title
    80 0000006B 488B3C25[00000000]           mov        rdi, qword [window.handle]
    81 00000073 BEFA000000                   mov        rsi, WIDTH
    82 00000078 BA96000000                   mov        rdx, HEIGHT
    83 0000007D E8(00000000)                 call       gtk_window_set_default_size
    84 00000082 488B3C25[00000000]           mov        rdi, qword [window.handle]
    85 0000008A BE01000000                   mov        rsi, GTK_WIN_POS_CENTER
    86 0000008F E8(00000000)                 call       gtk_window_set_position
    87 00000094 488B3C25[00000000]           mov        rdi, qword [window.handle]
    88 0000009C 488B3425[50000000]           mov        rsi, qword [pixbuffer]
    89 000000A4 E8(00000000)                 call       gtk_window_set_icon
    90                                  
    91 000000A9 E8(00000000)                 call       gtk_fixed_new
    92 000000AE 48890425[08000000]           mov        qword [frame.handle], rax
    93 000000B6 488B3C25[00000000]           mov        rdi, qword [window.handle]
    94 000000BE 488B3425[08000000]           mov        rsi, qword [frame.handle]
    95 000000C6 E8(00000000)                 call       gtk_container_add
    96                                  
    97                                       ; 3. Instantiate Control Buttons & Label
    98 000000CB 48BF-                        mov        rdi, plussign
    98 000000CD [4000000000000000] 
    99 000000D5 E8(00000000)                 call       gtk_button_new_with_label
   100 000000DA 48890425[10000000]           mov        qword [plusbutton.handle], rax
   101 000000E2 488B3C25[10000000]           mov        rdi, qword [plusbutton.handle]
   102 000000EA BE50000000                   mov        rsi, 80
   103 000000EF BA23000000                   mov        rdx, 35
   104 000000F4 E8(00000000)                 call       gtk_widget_set_size_request
   105 000000F9 488B3C25[08000000]           mov        rdi, qword [frame.handle]
   106 00000101 488B3425[10000000]           mov        rsi, qword [plusbutton.handle]
   107 00000109 BA32000000                   mov        rdx, 50
   108 0000010E B914000000                   mov        rcx, 20
   109 00000113 E8(00000000)                 call       gtk_fixed_put
   110                                  
   111 00000118 48BF-                        mov        rdi, minussign
   111 0000011A [4200000000000000] 
   112 00000122 E8(00000000)                 call       gtk_button_new_with_label
   113 00000127 48890425[18000000]           mov        qword [minusbutton.handle], rax
   114 0000012F 488B3C25[18000000]           mov        rdi, qword [minusbutton.handle]
   115 00000137 BE50000000                   mov        rsi, 80
   116 0000013C BA23000000                   mov        rdx, 35
   117 00000141 E8(00000000)                 call       gtk_widget_set_size_request
   118 00000146 488B3C25[08000000]           mov        rdi, qword [frame.handle]
   119 0000014E 488B3425[18000000]           mov        rsi, qword [minusbutton.handle]
   120 00000156 BA32000000                   mov        rdx, 50
   121 0000015B B950000000                   mov        rcx, 80
   122 00000160 E8(00000000)                 call       gtk_fixed_put
   123                                  
   124 00000165 48BF-                        mov        rdi, buffer
   124 00000167 [2800000000000000] 
   125 0000016F 48BE-                        mov        rsi, mask
   125 00000171 [4C00000000000000] 
   126 00000179 488B1425[44000000]           mov        rdx, qword [count]
   127 00000181 4831C0                       xor        rax, rax
   128 00000184 E8(00000000)                 call       sprintf
   129                                  
   130 00000189 4831FF                       xor        rdi, rdi
   131 0000018C E8(00000000)                 call       gtk_label_new
   132 00000191 48890425[20000000]           mov        qword [label.handle], rax
   133 00000199 488B3C25[20000000]           mov        rdi, qword [label.handle]
   134 000001A1 48BE-                        mov        rsi, buffer
   134 000001A3 [2800000000000000] 
   135 000001AB E8(00000000)                 call       gtk_label_set_text
   136 000001B0 488B3C25[08000000]           mov        rdi, qword [frame.handle]
   137 000001B8 488B3425[20000000]           mov        rsi, qword [label.handle]
   138 000001C0 BABE000000                   mov        rdx, 190
   139 000001C5 B93A000000                   mov        rcx, 58
   140 000001CA E8(00000000)                 call       gtk_fixed_put
   141                                  
   142 000001CF 488B3C25[00000000]           mov        rdi, qword [window.handle]
   143 000001D7 E8(00000000)                 call       gtk_widget_show_all
   144                                  
   145                                       ; 4. Signal Connections
   146 000001DC 4531C9                       xor        r9d, r9d
   147 000001DF 4531C0                       xor        r8d, r8d
   148 000001E2 4831C9                       xor        rcx, rcx
   149 000001E5 48BA-                        mov        rdx, gtk_main_quit
   149 000001E7 [0000000000000000] 
   150 000001EF 48BE-                        mov        rsi, signal.destroy
   150 000001F1 [3000000000000000] 
   151 000001F9 488B3C25[00000000]           mov        rdi, qword [window.handle]
   152 00000201 E8(00000000)                 call       g_signal_connect_data
   153                                  
   154 00000206 4531C9                       xor        r9d, r9d
   155 00000209 4531C0                       xor        r8d, r8d
   156 0000020C 4831C9                       xor        rcx, rcx
   157 0000020F 48BA-                        mov        rdx, Increase
   157 00000211 [6702000000000000] 
   158 00000219 48BE-                        mov        rsi, signal.clicked
   158 0000021B [3800000000000000] 
   159 00000223 488B3C25[10000000]           mov        rdi, qword [plusbutton.handle]
   160 0000022B E8(00000000)                 call       g_signal_connect_data
   161                                  
   162 00000230 4531C9                       xor        r9d, r9d
   163 00000233 4531C0                       xor        r8d, r8d
   164 00000236 4831C9                       xor        rcx, rcx
   165 00000239 48BA-                        mov        rdx, Decrease
   165 0000023B [B402000000000000] 
   166 00000243 48BE-                        mov        rsi, signal.clicked
   166 00000245 [3800000000000000] 
   167 0000024D 488B3C25[18000000]           mov        rdi, qword [minusbutton.handle]
   168 00000255 E8(00000000)                 call       g_signal_connect_data
   169                                  
   170 0000025A E8(00000000)                 call       gtk_main
   171 0000025F 4831FF                       xor        rdi, rdi
   172 00000262 E8(00000000)                 call       exit
   173                                  
   174                                  Increase:
   175 00000267 55                           push       rbp
   176 00000268 4889E5                       mov        rbp, rsp
   177 0000026B 4883E4F0                     and        rsp, -16
   178 0000026F 48FF0425[44000000]           inc        qword [count]
   179 00000277 48BF-                        mov        rdi, buffer
   179 00000279 [2800000000000000] 
   180 00000281 48BE-                        mov        rsi, mask
   180 00000283 [4C00000000000000] 
   181 0000028B 488B1425[44000000]           mov        rdx, qword [count]
   182 00000293 4831C0                       xor        rax, rax
   183 00000296 E8(00000000)                 call       sprintf
   184 0000029B 488B3C25[20000000]           mov        rdi, qword [label.handle]
   185 000002A3 48BE-                        mov        rsi, buffer
   185 000002A5 [2800000000000000] 
   186 000002AD E8(00000000)                 call       gtk_label_set_text
   187 000002B2 C9                           leave
   188 000002B3 C3                           ret
   189                                  
   190                                  Decrease:
   191 000002B4 55                           push       rbp
   192 000002B5 4889E5                       mov        rbp, rsp
   193 000002B8 4883E4F0                     and        rsp, -16
   194 000002BC 48FF0C25[44000000]           dec        qword [count]
   195 000002C4 48BF-                        mov        rdi, buffer
   195 000002C6 [2800000000000000] 
   196 000002CE 48BE-                        mov        rsi, mask
   196 000002D0 [4C00000000000000] 
   197 000002D8 488B1425[44000000]           mov        rdx, qword [count]
   198 000002E0 4831C0                       xor        rax, rax
   199 000002E3 E8(00000000)                 call       sprintf
   200 000002E8 488B3C25[20000000]           mov        rdi, qword [label.handle]
   201 000002F0 48BE-                        mov        rsi, buffer
   201 000002F2 [2800000000000000] 
   202 000002FA E8(00000000)                 call       gtk_label_set_text
   203 000002FF C9                           leave
   204 00000300 C3                           ret
