     1                                  ; ==============================================================================
     2                                  ; Name        : gtkcheckbutton.asm
     3                                  ; Author      : Roberto Aguas Guerreiro [agguro]
     4                                  ; Description : GtkCheckButton example with dynamic window title switching
     5                                  ; ABI Status  : Compliant (Stack-aligned, Callee-saved preserved)
     6                                  ; ==============================================================================
     7                                  
     8                                  bits 64
     9                                  
    10                                  [list -]
    19                                  
    20                                  section .bss
    21 00000000 ????????????????             parent_window:    resq      1
    22                                  
    23                                  section .data
    24 00000000 <bin 18C3h>                  logo:             incbin    "../resources/pictures/logo.png"
    25                                       logo_size:        equ       $ - logo
    26                                  
    27                                       window:
    28 000018C3 0000000000000000             .handle:          dq        0
    29 000018CB 47746B436865636B42-          .title:           db        "GtkCheckButton", 0
    29 000018D4 7574746F6E00       
    30 000018DA 00                           .endtitle:        db        "", 0
    31                                  
    32                                       fixed:
    33 000018DB 0000000000000000             .handle:          dq        0
    34                                  
    35                                       checkbutton:
    36 000018E3 0000000000000000             .handle:          dq        0
    37 000018EB 53686F77207469746C-          .caption:         db        "Show title", 0
    37 000018F4 6500               
    38                                  
    39                                       signal:
    40 000018F6 64657374726F7900             .destroy:         db        "destroy", 0
    41 000018FE 636C69636B656400             .clicked:         db        "clicked", 0
    42                                  
    43 00001906 0000000000000000             loader:           dq        0
    44 0000190E 0000000000000000             pixbuffer:        dq        0
    45                                  
    46                                  section .text
    47                                       global _start
    48                                  
    49                                  _start:
    50                                       ; -------------------------------------------------------------------------
    51                                       ; 1. Retrieve argc/argv and enforce System V AMD64 ABI Stack Alignment
    52                                       ; -------------------------------------------------------------------------
    53 00000000 488B3C24                     mov        rdi, [rsp]                ; argc
    54 00000004 488D742408                   lea        rsi, [rsp + 8]            ; argv
    55 00000009 4989FC                       mov        r12, rdi
    56 0000000C 4989F5                       mov        r13, rsi
    57                                  
    58 0000000F 4883E4F0                     and        rsp, -16
    59 00000013 4883EC10                     sub        rsp, 16
    60 00000017 488D3C24                     lea        rdi, [rsp]
    61 0000001B 4C8927                       mov        [rdi], r12
    62 0000001E 488D742408                   lea        rsi, [rsp + 8]
    63 00000023 4C892E                       mov        [rsi], r13
    64                                  
    65 00000026 E8(00000000)                 call       gtk_init
    66                                  
    67                                       ; -------------------------------------------------------------------------
    68                                       ; 2. Generate Pixbuf from Embedded Asset in RAM
    69                                       ; -------------------------------------------------------------------------
    70 0000002B E8(00000000)                 call       gdk_pixbuf_loader_new
    71 00000030 48890425[06190000]           mov        qword [loader], rax
    72                                  
    73 00000038 488B3C25[06190000]           mov        rdi, qword [loader]
    74 00000040 48BE-                        mov        rsi, logo
    74 00000042 [0000000000000000] 
    75 0000004A BAC3180000                   mov        edx, logo_size
    76 0000004F 4831C9                       xor        rcx, rcx                  ; GError** = NULL
    77 00000052 E8(00000000)                 call       gdk_pixbuf_loader_write
    78                                  
    79 00000057 488B3C25[06190000]           mov        rdi, qword [loader]
    80 0000005F E8(00000000)                 call       gdk_pixbuf_loader_get_pixbuf
    81 00000064 48890425[0E190000]           mov        qword [pixbuffer], rax
    82                                  
    83                                       ; -------------------------------------------------------------------------
    84                                       ; 3. Build and Configure Window Layout
    85                                       ; -------------------------------------------------------------------------
    86 0000006C BF00000000                   mov        rdi, GTK_WINDOW_TOPLEVEL
    87 00000071 E8(00000000)                 call       gtk_window_new
    88 00000076 48890425[C3180000]           mov        qword [window.handle], rax
    89                                  
    90 0000007E 488B3C25[C3180000]           mov        rdi, qword [window.handle]
    91 00000086 48BE-                        mov        rsi, window.title
    91 00000088 [CB18000000000000] 
    92 00000090 E8(00000000)                 call       gtk_window_set_title
    93                                  
    94 00000095 488B3C25[C3180000]           mov        rdi, qword [window.handle]
    95 0000009D BEF4010000                   mov        rsi, 500
    96 000000A2 BA2C010000                   mov        rdx, 300
    97 000000A7 E8(00000000)                 call       gtk_window_set_default_size
    98                                  
    99 000000AC 488B3C25[C3180000]           mov        rdi, qword [window.handle]
   100 000000B4 BE01000000                   mov        rsi, GTK_WIN_POS_CENTER
   101 000000B9 E8(00000000)                 call       gtk_window_set_position
   102                                  
   103 000000BE 488B3C25[C3180000]           mov        rdi, qword [window.handle]
   104 000000C6 488B3425[0E190000]           mov        rsi, qword [pixbuffer]
   105 000000CE E8(00000000)                 call       gtk_window_set_icon
   106                                  
   107                                       ; Connect Window Destroy Signal
   108 000000D3 4531C9                       xor        r9d, r9d                  ; GConnectFlags = 0
   109 000000D6 4531C0                       xor        r8d, r8d                  ; GClosureNotify = NULL
   110 000000D9 4831C9                       xor        rcx, rcx                  ; user_data = NULL
   111 000000DC 48BA-                        mov        rdx, gtk_main_quit
   111 000000DE [0000000000000000] 
   112 000000E6 48BE-                        mov        rsi, signal.destroy
   112 000000E8 [F618000000000000] 
   113 000000F0 488B3C25[C3180000]           mov        rdi, qword [window.handle]
   114 000000F8 E8(00000000)                 call       g_signal_connect_data
   115                                  
   116                                       ; Create Fixed Container Layout
   117 000000FD E8(00000000)                 call       gtk_fixed_new
   118 00000102 48890425[DB180000]           mov        qword [fixed.handle], rax
   119                                  
   120 0000010A 488B3C25[C3180000]           mov        rdi, qword [window.handle]
   121 00000112 488B3425[DB180000]           mov        rsi, qword [fixed.handle]
   122 0000011A E8(00000000)                 call       gtk_container_add
   123                                  
   124                                       ; -------------------------------------------------------------------------
   125                                       ; 4. Instantiate CheckButton Control
   126                                       ; -------------------------------------------------------------------------
   127 0000011F 48BF-                        mov        rdi, checkbutton.caption
   127 00000121 [EB18000000000000] 
   128 00000129 E8(00000000)                 call       gtk_check_button_new_with_label
   129 0000012E 48890425[E3180000]           mov        qword [checkbutton.handle], rax
   130                                  
   131 00000136 488B3C25[E3180000]           mov        rdi, qword [checkbutton.handle]
   132 0000013E BE01000000                   mov        rsi, TRUE
   133 00000143 E8(00000000)                 call       gtk_toggle_button_set_active
   134                                  
   135 00000148 488B3C25[E3180000]           mov        rdi, qword [checkbutton.handle]
   136 00000150 BE01000000                   mov        rsi, TRUE
   137 00000155 E8(00000000)                 call       gtk_widget_set_can_focus
   138                                  
   139                                       ; Connect Clicked Signal
   140 0000015A 4531C9                       xor        r9d, r9d
   141 0000015D 4531C0                       xor        r8d, r8d
   142 00000160 488B0C25[C3180000]           mov        rcx, qword [window.handle]
   143 00000168 48BA-                        mov        rdx, toggle_title
   143 0000016A [C201000000000000] 
   144 00000172 48BE-                        mov        rsi, signal.clicked
   144 00000174 [FE18000000000000] 
   145 0000017C 488B3C25[E3180000]           mov        rdi, qword [checkbutton.handle]
   146 00000184 E8(00000000)                 call       g_signal_connect_data
   147                                  
   148                                       ; Pack widget into fixed container
   149 00000189 488B3C25[DB180000]           mov        rdi, qword [fixed.handle]
   150 00000191 488B3425[E3180000]           mov        rsi, qword [checkbutton.handle]
   151 00000199 BA32000000                   mov        rdx, 50
   152 0000019E B932000000                   mov        rcx, 50
   153 000001A3 E8(00000000)                 call       gtk_fixed_put
   154                                  
   155 000001A8 488B3C25[C3180000]           mov        rdi, qword [window.handle]
   156 000001B0 E8(00000000)                 call       gtk_widget_show_all
   157 000001B5 E8(00000000)                 call       gtk_main
   158                                  
   159 000001BA 4831FF                       xor        rdi, rdi
   160 000001BD E8(00000000)                 call       exit
   161                                  
   162                                  ; -------------------------------------------------------------------------
   163                                  ; Callback: toggle_title
   164                                  ; -------------------------------------------------------------------------
   165                                  toggle_title:
   166 000001C2 55                           push       rbp
   167 000001C3 4889E5                       mov        rbp, rsp
   168 000001C6 4883E4F0                     and        rsp, -16
   169                                  
   170 000001CA 48893425[00000000]           mov        qword [parent_window], rsi
   171 000001D2 E8(00000000)                 call       gtk_toggle_button_get_active
   172                                  
   173 000001D7 488B3C25[00000000]           mov        rdi, qword [parent_window]
   174 000001DF 48BE-                        mov        rsi, window.title
   174 000001E1 [CB18000000000000] 
   175 000001E9 83F801                       cmp        eax, TRUE
   176 000001EC 740A                         je         .set_title
   177 000001EE 48BE-                        mov        rsi, window.endtitle
   177 000001F0 [DA18000000000000] 
   178                                  
   179                                  .set_title:
   180 000001F8 E8(00000000)                 call       gtk_window_set_title
   181                                  
   182 000001FD C9                           leave
   183 000001FE C3                           ret
