     1                                  ; ==============================================================================
     2                                  ; Name        : imagemenu.asm
     3                                  ; Author      : Roberto Aguas Guerreiro [agguro]
     4                                  ; Description : A menu bar example implementing accelerators and mnemonics
     5                                  ; ABI Status  : Compliant (Stack-aligned, Callee-saved preserved)
     6                                  ; ==============================================================================
     7                                  
     8                                  bits 64
     9                                  
    10                                  [list -]
    19                                  
    20                                  section .bss
    21                                       window:
    22 00000000 ????????????????             .handle:          resq      1
    23 00000008 ????????????????             pixbuffer:        resq      1
    24 00000010 ????????????????             error:            resq      1
    25                                       box:
    26 00000018 ????????????????             .handle:          resq      1
    27                                       menubar:
    28 00000020 ????????????????             .handle:          resq      1
    29                                       filemenu:
    30 00000028 ????????????????             .handle:          resq      1
    31                                       menuitem:
    32 00000030 ????????????????             .file:            resq      1
    33 00000038 ????????????????             .new:             resq      1
    34 00000040 ????????????????             .open:            resq      1
    35 00000048 ????????????????             .sep:             resq      1
    36 00000050 ????????????????             .quit:            resq      1
    37 00000058 ????????????????             accel_group:      resq      1
    38                                  
    39                                  section .data
    40                                       mainwindow:
    41 00000000 6D656E7500                   .title:           db        "menu", 0
    42                                  
    43                                       signal:
    44 00000005 64657374726F7900             .destroy:         db        "destroy", 0
    45 0000000D 616374697661746500           .activate:        db        "activate", 0
    46                                  
    47                                       icon:
    48 00000016 7265736F7572636573-          .file:            db        "resources/pictures/logo.png", 0
    48 0000001F 2F7069637475726573-
    48 00000028 2F6C6F676F2E706E67-
    48 00000031 00                 
    49                                  
    50                                       menuitem.text:
    51 00000032 5F46696C6500                 .file:            db        "_File", 0
    52 00000038 67746B2D6E657700             .new:             db        "gtk-new", 0
    53 00000040 67746B2D6F70656E00           .open:            db        "gtk-open", 0
    54 00000049 67746B2D7175697400           .quit:            db        "gtk-quit", 0
    55                                  
    56                                  section .text
    57                                       global _start
    58                                  
    59                                  _start:
    60                                       ; 1. Stack Alignment conform System V AMD64 ABI
    61 00000000 488B3C24                     mov        rdi, [rsp]
    62 00000004 488D742408                   lea        rsi, [rsp + 8]
    63 00000009 4989FC                       mov        r12, rdi
    64 0000000C 4989F5                       mov        r13, rsi
    65                                  
    66 0000000F 4883E4F0                     and        rsp, -16
    67 00000013 4883EC10                     sub        rsp, 16
    68 00000017 488D3C24                     lea        rdi, [rsp]
    69 0000001B 4C8927                       mov        [rdi], r12
    70 0000001E 488D742408                   lea        rsi, [rsp + 8]
    71 00000023 4C892E                       mov        [rsi], r13
    72                                  
    73 00000026 E8(00000000)                 call       gtk_init
    74                                  
    75                                       ; 2. Build Window Frame & Inject Icons
    76 0000002B BF00000000                   mov        rdi, GTK_WINDOW_TOPLEVEL
    77 00000030 E8(00000000)                 call       gtk_window_new
    78 00000035 48890425[00000000]           mov        qword [window.handle], rax
    79                                  
    80 0000003D 488B3C25[00000000]           mov        rdi, qword [window.handle]
    81 00000045 BE01000000                   mov        rsi, GTK_WIN_POS_CENTER
    82 0000004A E8(00000000)                 call       gtk_window_set_position
    83                                  
    84 0000004F 488B3C25[00000000]           mov        rdi, qword [window.handle]
    85 00000057 BEFA000000                   mov        rsi, 250
    86 0000005C BAC8000000                   mov        rdx, 200
    87 00000061 E8(00000000)                 call       gtk_window_set_default_size
    88                                  
    89 00000066 488B3C25[00000000]           mov        rdi, qword [window.handle]
    90 0000006E 48BE-                        mov        rsi, mainwindow.title
    90 00000070 [0000000000000000] 
    91 00000078 E8(00000000)                 call       gtk_window_set_title
    92                                  
    93 0000007D 48BF-                        mov        rdi, icon.file
    93 0000007F [1600000000000000] 
    94 00000087 48BE-                        mov        rsi, error
    94 00000089 [1000000000000000] 
    95 00000091 E8(00000000)                 call       gdk_pixbuf_new_from_file
    96 00000096 48890425[08000000]           mov        qword [pixbuffer], rax
    97                                  
    98 0000009E 488B3C25[00000000]           mov        rdi, qword [window.handle]
    99 000000A6 488B3425[08000000]           mov        rsi, qword [pixbuffer]
   100 000000AE E8(00000000)                 call       gtk_window_set_icon
   101                                  
   102 000000B3 BF01000000                   mov        rdi, GTK_ORIENTATION_VERTICAL
   103 000000B8 4831F6                       xor        rsi, rsi
   104 000000BB E8(00000000)                 call       gtk_box_new
   105 000000C0 48890425[18000000]           mov        qword [box.handle], rax
   106                                  
   107 000000C8 488B3C25[00000000]           mov        rdi, qword [window.handle]
   108 000000D0 488B3425[18000000]           mov        rsi, qword [box.handle]
   109 000000D8 E8(00000000)                 call       gtk_container_add
   110                                  
   111                                       ; 3. Build Menu Components & Acceleration Tables
   112 000000DD E8(00000000)                 call       gtk_menu_bar_new
   113 000000E2 48890425[20000000]           mov        qword [menubar.handle], rax
   114                                  
   115 000000EA E8(00000000)                 call       gtk_menu_new
   116 000000EF 48890425[28000000]           mov        qword [filemenu.handle], rax
   117                                  
   118 000000F7 E8(00000000)                 call       gtk_accel_group_new
   119 000000FC 48890425[58000000]           mov        qword [accel_group], rax
   120                                  
   121 00000104 488B3C25[00000000]           mov        rdi, qword [window.handle]
   122 0000010C 488B3425[58000000]           mov        rsi, qword [accel_group]
   123 00000114 E8(00000000)                 call       gtk_window_add_accel_group
   124                                  
   125 00000119 48BF-                        mov        rdi, menuitem.text.file
   125 0000011B [3200000000000000] 
   126 00000123 E8(00000000)                 call       gtk_menu_item_new_with_mnemonic
   127 00000128 48890425[30000000]           mov        qword [menuitem.file], rax
   128                                  
   129 00000130 48BF-                        mov        rdi, menuitem.text.new
   129 00000132 [3800000000000000] 
   130 0000013A 488B3425[58000000]           mov        rsi, qword [accel_group]
   131 00000142 E8(00000000)                 call       gtk_image_menu_item_new_from_stock
   132 00000147 48890425[38000000]           mov        qword [menuitem.new], rax
   133                                  
   134 0000014F 48BF-                        mov        rdi, menuitem.text.open
   134 00000151 [4000000000000000] 
   135 00000159 488B3425[58000000]           mov        rsi, qword [accel_group]
   136 00000161 E8(00000000)                 call       gtk_image_menu_item_new_from_stock
   137 00000166 48890425[40000000]           mov        qword [menuitem.open], rax
   138                                  
   139 0000016E E8(00000000)                 call       gtk_separator_menu_item_new
   140 00000173 48890425[48000000]           mov        qword [menuitem.sep], rax
   141                                  
   142 0000017B 48BF-                        mov        rdi, menuitem.text.quit
   142 0000017D [4900000000000000] 
   143 00000185 488B3425[58000000]           mov        rsi, qword [accel_group]
   144 0000018D E8(00000000)                 call       gtk_image_menu_item_new_from_stock
   145 00000192 48890425[50000000]           mov        qword [menuitem.quit], rax
   146                                  
   147 0000019A 488B3C25[50000000]           mov        rdi, qword [menuitem.quit]
   148 000001A2 48BE-                        mov        rsi, signal.activate
   148 000001A4 [0D00000000000000] 
   149 000001AC 488B1425[58000000]           mov        rdx, qword [accel_group]
   150 000001B4 B971000000                   mov        rcx, 0x71 ; GDK_q
   151 000001B9 41B804000000                 mov        r8d, 4    ; GDK_CONTROL_MASK
   152 000001BF 41B901000000                 mov        r9d, 1    ; GTK_ACCEL_VISIBLE
   153 000001C5 E8(00000000)                 call       gtk_widget_add_accelerator
   154                                  
   155 000001CA 488B3C25[30000000]           mov        rdi, qword [menuitem.file]
   156 000001D2 488B3425[28000000]           mov        rsi, qword [filemenu.handle]
   157 000001DA E8(00000000)                 call       gtk_menu_item_set_submenu
   158                                  
   159 000001DF 488B3C25[28000000]           mov        rdi, qword [filemenu.handle]
   160 000001E7 488B3425[38000000]           mov        rsi, qword [menuitem.new]
   161 000001EF E8(00000000)                 call       gtk_menu_shell_append
   162 000001F4 488B3C25[28000000]           mov        rdi, qword [filemenu.handle]
   163 000001FC 488B3425[40000000]           mov        rsi, qword [menuitem.open]
   164 00000204 E8(00000000)                 call       gtk_menu_shell_append
   165 00000209 488B3C25[28000000]           mov        rdi, qword [filemenu.handle]
   166 00000211 488B3425[48000000]           mov        rsi, qword [menuitem.sep]
   167 00000219 E8(00000000)                 call       gtk_menu_shell_append
   168 0000021E 488B3C25[28000000]           mov        rdi, qword [filemenu.handle]
   169 00000226 488B3425[50000000]           mov        rsi, qword [menuitem.quit]
   170 0000022E E8(00000000)                 call       gtk_menu_shell_append
   171                                  
   172 00000233 488B3C25[20000000]           mov        rdi, qword [menubar.handle]
   173 0000023B 488B3425[30000000]           mov        rsi, qword [menuitem.file]
   174 00000243 E8(00000000)                 call       gtk_menu_shell_append
   175                                  
   176 00000248 488B3C25[18000000]           mov        rdi, qword [box.handle]
   177 00000250 488B3425[20000000]           mov        rsi, qword [menubar.handle]
   178 00000258 4831D2                       xor        rdx, rdx
   179 0000025B 4831C9                       xor        rcx, rcx
   180 0000025E 41B803000000                 mov        r8d, 3
   181 00000264 E8(00000000)                 call       gtk_box_pack_start
   182                                  
   183                                       ; 4. Signal Connections
   184 00000269 4531C9                       xor        r9d, r9d
   185 0000026C 4531C0                       xor        r8d, r8d
   186 0000026F 4831C9                       xor        rcx, rcx
   187 00000272 48BA-                        mov        rdx, Quit
   187 00000274 [D702000000000000] 
   188 0000027C 48BE-                        mov        rsi, signal.destroy
   188 0000027E [0500000000000000] 
   189 00000286 488B3C25[00000000]           mov        rdi, qword [window.handle]
   190 0000028E E8(00000000)                 call       g_signal_connect_data
   191                                  
   192 00000293 4531C9                       xor        r9d, r9d
   193 00000296 4531C0                       xor        r8d, r8d
   194 00000299 4831C9                       xor        rcx, rcx
   195 0000029C 48BA-                        mov        rdx, Quit
   195 0000029E [D702000000000000] 
   196 000002A6 48BE-                        mov        rsi, signal.activate
   196 000002A8 [0D00000000000000] 
   197 000002B0 488B3C25[50000000]           mov        rdi, qword [menuitem.quit]
   198 000002B8 E8(00000000)                 call       g_signal_connect_data
   199                                  
   200 000002BD 488B3C25[00000000]           mov        rdi, qword [window.handle]
   201 000002C5 E8(00000000)                 call       gtk_widget_show_all
   202 000002CA E8(00000000)                 call       gtk_main
   203 000002CF 4831FF                       xor        rdi, rdi
   204 000002D2 E8(00000000)                 call       exit
   205                                  
   206                                  Quit:
   207 000002D7 55                           push       rbp
   208 000002D8 4889E5                       mov        rbp, rsp
   209 000002DB 4883E4F0                     and        rsp, -16
   210 000002DF E8(00000000)                 call       gtk_main_quit
   211 000002E4 C9                           leave
   212 000002E5 C3                           ret
