     1                                  ; ==============================================================================
     2                                  ; Name        : disconncallback.asm
     3                                  ; Author      : Roberto Aguas Guerreiro [agguro]
     4                                  ; Description : Disconnecting a callback dynamically using a checkbox
     5                                  ; ABI Status  : Compliant (Stack-aligned, Callee-saved preserved)
     6                                  ; ==============================================================================
     7                                  
     8                                  bits 64
     9                                  
    10                                  [list -]
    38                                  
    39                                  section .data
    40                                       window:
    41 00000000 0000000000000000             .handle:       dq   0
    42 00000008 446973636F6E6E6563-          .title:        db   "Disconnect", 0
    42 00000011 7400               
    43                                  
    44                                       fixed:
    45 00000013 0000000000000000             .handle:       dq   0
    46                                  
    47                                       button:
    48 0000001B 0000000000000000             .handle:       dq   0
    49 00000023 436C69636B00                 .label:        db   "Click", 0
    50                                  
    51                                       checkbox:
    52 00000029 0000000000000000             .handle:       dq   0
    53 00000031 436F6E6E65637400             .label:        db   "Connect", 0
    54                                  
    55                                       signal:
    56 00000039 636C69636B656400             .clicked:      db   "clicked", 0
    57 00000041 64657374726F7900             .destroy:      db   "destroy", 0
    58                                  
    59                                       message:
    60 00000049 436C69636B65640A00           .clicked:      db   "Clicked", 10, 0
    61                                  
    62                                       handler:
    63 00000052 0000000000000000             .id:           dq   0
    64                                  
    65                                  section .text
    66                                       global _start
    67                                  
    68                                  _start:
    69                                       ; -------------------------------------------------------------------------
    70                                       ; 1. Retrieve argc/argv and enforce System V AMD64 ABI Stack Alignment
    71                                       ; -------------------------------------------------------------------------
    72 00000000 488B3C24                     mov        rdi, [rsp]                ; argc
    73 00000004 488D742408                   lea        rsi, [rsp + 8]            ; argv
    74                                  
    75 00000009 4989FC                       mov        r12, rdi                  ; Back-up argc
    76 0000000C 4989F5                       mov        r13, rsi                  ; Back-up argv
    77                                  
    78 0000000F 4883E4F0                     and        rsp, -16                  ; Enforce 16-byte alignment
    79 00000013 4883EC10                     sub        rsp, 16                   ; Reserved space for &argc and &argv
    80                                  
    81 00000017 488D3C24                     lea        rdi, [rsp]                ; Move &argc to stack
    82 0000001B 4C8927                       mov        [rdi], r12
    83 0000001E 488D742408                   lea        rsi, [rsp + 8]            ; Move &argv to stack
    84 00000023 4C892E                       mov        [rsi], r13
    85                                  
    86 00000026 E8(00000000)                 call       gtk_init
    87                                  
    88                                       ; -------------------------------------------------------------------------
    89                                       ; 2. Build and Configure Window Layout
    90                                       ; -------------------------------------------------------------------------
    91 0000002B BF00000000                   mov        rdi, GTK_WINDOW_TOPLEVEL
    92 00000030 E8(00000000)                 call       gtk_window_new
    93 00000035 48890425[00000000]           mov        qword [window.handle], rax
    94                                  
    95 0000003D 488B3C25[00000000]           mov        rdi, qword [window.handle]
    96 00000045 BE01000000                   mov        rsi, GTK_WIN_POS_CENTER
    97 0000004A E8(00000000)                 call       gtk_window_set_position
    98                                  
    99 0000004F 488B3C25[00000000]           mov        rdi, qword [window.handle]
   100 00000057 BEFA000000                   mov        rsi, 250
   101 0000005C BA96000000                   mov        rdx, 150
   102 00000061 E8(00000000)                 call       gtk_window_set_default_size
   103                                  
   104 00000066 488B3C25[00000000]           mov        rdi, qword [window.handle]
   105 0000006E 48BE-                        mov        rsi, window.title
   105 00000070 [0800000000000000] 
   106 00000078 E8(00000000)                 call       gtk_window_set_title
   107                                  
   108                                       ; Create Fixed Container
   109 0000007D E8(00000000)                 call       gtk_fixed_new
   110 00000082 48890425[13000000]           mov        qword [fixed.handle], rax
   111                                  
   112 0000008A 488B3C25[00000000]           mov        rdi, qword [window.handle]
   113 00000092 488B3425[13000000]           mov        rsi, qword [fixed.handle]
   114 0000009A E8(00000000)                 call       gtk_container_add
   115                                  
   116                                       ; -------------------------------------------------------------------------
   117                                       ; 3. Widgets Setup (Button & Checkbox)
   118                                       ; -------------------------------------------------------------------------
   119                                       ; Create Target Button
   120 0000009F 48BF-                        mov        rdi, button.label
   120 000000A1 [2300000000000000] 
   121 000000A9 E8(00000000)                 call       gtk_button_new_with_label
   122 000000AE 48890425[1B000000]           mov        qword [button.handle], rax
   123                                  
   124 000000B6 488B3C25[1B000000]           mov        rdi, qword [button.handle]
   125 000000BE BE50000000                   mov        rsi, 80
   126 000000C3 BA1E000000                   mov        rdx, 30
   127 000000C8 E8(00000000)                 call       gtk_widget_set_size_request
   128                                  
   129 000000CD 488B3C25[13000000]           mov        rdi, qword [fixed.handle]
   130 000000D5 488B3425[1B000000]           mov        rsi, qword [button.handle]
   131 000000DD BA1E000000                   mov        rdx, 30
   132 000000E2 B932000000                   mov        rcx, 50
   133 000000E7 E8(00000000)                 call       gtk_fixed_put
   134                                  
   135                                       ; Create Toggle Checkbox
   136 000000EC 48BF-                        mov        rdi, checkbox.label
   136 000000EE [3100000000000000] 
   137 000000F6 E8(00000000)                 call       gtk_check_button_new_with_label
   138 000000FB 48890425[29000000]           mov        qword [checkbox.handle], rax
   139                                  
   140 00000103 488B3C25[29000000]           mov        rdi, qword [checkbox.handle]
   141 0000010B BE01000000                   mov        rsi, TRUE
   142 00000110 E8(00000000)                 call       gtk_toggle_button_set_active
   143                                  
   144 00000115 488B3C25[13000000]           mov        rdi, qword [fixed.handle]
   145 0000011D 488B3425[29000000]           mov        rsi, qword [checkbox.handle]
   146 00000125 BA82000000                   mov        rdx, 130
   147 0000012A B932000000                   mov        rcx, 50
   148 0000012F E8(00000000)                 call       gtk_fixed_put
   149                                  
   150                                       ; -------------------------------------------------------------------------
   151                                       ; 4. Signal Connections & Main Loop
   152                                       ; -------------------------------------------------------------------------
   153 00000134 4531C9                       xor        r9d, r9d
   154 00000137 4531C0                       xor        r8d, r8d
   155 0000013A B900000000                   mov        rcx, NULL
   156 0000013F 48BA-                        mov        rdx, button_clicked
   156 00000141 [DB01000000000000] 
   157 00000149 48BE-                        mov        rsi, signal.clicked
   157 0000014B [3900000000000000] 
   158 00000153 488B3C25[1B000000]           mov        rdi, qword [button.handle]
   159 0000015B E8(00000000)                 call       g_signal_connect_data
   160 00000160 48890425[52000000]           mov        qword [handler.id], rax
   161                                  
   162 00000168 4531C9                       xor        r9d, r9d
   163 0000016B 4531C0                       xor        r8d, r8d
   164 0000016E 488B0C25[1B000000]           mov        rcx, qword [button.handle]
   165 00000176 48BA-                        mov        rdx, toggle_signal
   165 00000178 [F701000000000000] 
   166 00000180 48BE-                        mov        rsi, signal.clicked
   166 00000182 [3900000000000000] 
   167 0000018A 488B3C25[29000000]           mov        rdi, qword [checkbox.handle]
   168 00000192 E8(00000000)                 call       g_signal_connect_data
   169                                  
   170 00000197 4531C9                       xor        r9d, r9d
   171 0000019A 4531C0                       xor        r8d, r8d
   172 0000019D 4831C9                       xor        rcx, rcx
   173 000001A0 48BA-                        mov        rdx, gtk_main_quit
   173 000001A2 [0000000000000000] 
   174 000001AA 48BE-                        mov        rsi, signal.destroy
   174 000001AC [4100000000000000] 
   175 000001B4 488B3C25[00000000]           mov        rdi, qword [window.handle]
   176 000001BC E8(00000000)                 call       g_signal_connect_data
   177                                  
   178 000001C1 488B3C25[00000000]           mov        rdi, qword [window.handle]
   179 000001C9 E8(00000000)                 call       gtk_widget_show_all
   180 000001CE E8(00000000)                 call       gtk_main
   181                                  
   182 000001D3 4831FF                       xor        rdi, rdi
   183 000001D6 E8(00000000)                 call       exit
   184                                  
   185                                  ; -------------------------------------------------------------------------
   186                                  ; Callback: button_clicked
   187                                  ; -------------------------------------------------------------------------
   188                                  button_clicked:
   189 000001DB 55                           push       rbp
   190 000001DC 4889E5                       mov        rbp, rsp
   191 000001DF 4883E4F0                     and        rsp, -16
   192                                  
   193 000001E3 48BF-                        mov        rdi, message.clicked
   193 000001E5 [4900000000000000] 
   194 000001ED 4831C0                       xor        rax, rax
   195 000001F0 E8(00000000)                 call       g_print
   196                                  
   197 000001F5 C9                           leave
   198 000001F6 C3                           ret
   199                                  
   200                                  ; -------------------------------------------------------------------------
   201                                  ; Callback: toggle_signal
   202                                  ; -------------------------------------------------------------------------
   203                                  toggle_signal:
   204 000001F7 55                           push       rbp
   205 000001F8 4889E5                       mov        rbp, rsp
   206 000001FB 4883E4F0                     and        rsp, -16
   207                                  
   208 000001FF 4156                         push       r14
   209 00000201 4157                         push       r15
   210                                  
   211 00000203 4989FE                       mov        r14, rdi
   212 00000206 4989F7                       mov        r15, rsi
   213                                  
   214 00000209 4C89F7                       mov        rdi, r14
   215 0000020C E8(00000000)                 call       gtk_toggle_button_get_active
   216 00000211 4821C0                       and        rax, rax
   217 00000214 7431                         jz         .disconnect
   218                                  
   219                                  .connect:
   220 00000216 4531C9                       xor        r9d, r9d
   221 00000219 4531C0                       xor        r8d, r8d
   222 0000021C B900000000                   mov        rcx, NULL
   223 00000221 48BA-                        mov        rdx, button_clicked
   223 00000223 [DB01000000000000] 
   224 0000022B 48BE-                        mov        rsi, signal.clicked
   224 0000022D [3900000000000000] 
   225 00000235 4C89FF                       mov        rdi, r15
   226 00000238 E8(00000000)                 call       g_signal_connect_data
   227 0000023D 48890425[52000000]           mov        qword [handler.id], rax
   228 00000245 EB10                         jmp        .done
   229                                  
   230                                  .disconnect:
   231 00000247 4C89FF                       mov        rdi, r15
   232 0000024A 488B3425[52000000]           mov        rsi, qword [handler.id]
   233 00000252 E8(00000000)                 call       g_signal_handler_disconnect
   234                                  
   235                                  .done:
   236 00000257 415F                         pop        r15
   237 00000259 415E                         pop        r14
   238 0000025B C9                           leave
   239 0000025C C3                           ret
