     1                                  ; ==============================================================================
     2                                  ; Name        : gtkstatusbar.asm
     3                                  ; Author      : Roberto Aguas Guerreiro [agguro]
     4                                  ; Description : Statusbar example with dynamic message pushing
     5                                  ; ABI Status  : Compliant (Stack-aligned, Callee-saved preserved)
     6                                  ; ==============================================================================
     7                                  
     8                                  bits 64
     9                                  
    10                                  [list -]
    19                                  
    20                                  section .bss
    21                                       window:
    22 00000000 ????????????????             .handle:          resq      1
    23                                       vbox:
    24 00000008 ????????????????             .handle:          resq      1
    25                                       fixed:
    26 00000010 ????????????????             .handle:          resq      1
    27                                       statusbar:
    28 00000018 ????????????????             .handle:          resq      1
    29 00000020 ????????????????             .context_id:      resq      1
    30                                       button1:
    31 00000028 ????????????????             .handle:          resq      1
    32                                       button2:
    33 00000030 ????????????????             .handle:          resq      1
    34 00000038 ????????????????             loader:           resq      1
    35 00000040 ????????????????             pixbuffer:        resq      1
    36 00000048 <res 100h>                   msg_buffer:       resb      256
    37                                  
    38                                  section .data
    39 00000000 <bin 18C3h>                  logo:             incbin    "../resources/pictures/logo.png"
    40                                       logo_size:        equ       $ - logo
    41                                  
    42 000018C3 47746B537461747573-          window.title:     db        "GtkStatusbar", 0
    42 000018CC 62617200           
    43                                       signal:
    44 000018D0 64657374726F7900             .destroy:         db        "destroy", 0
    45 000018D8 636C69636B656400             .clicked:         db        "clicked", 0
    46 000018E0 4F4B00                       button1.caption:  db        "OK", 0
    47 000018E3 4150504C5900                 button2.caption:  db        "APPLY", 0
    48 000018E9 636C69636B5F636F6E-          statusbar.context:db        "click_context", 0
    48 000018F2 7465787400         
    49 000018F7 427574746F6E202573-          statusbar.fmt:    db        "Button %s clicked", 0
    49 00001900 20636C69636B656400 
    50                                       lang:
    51 00001909 4C414E4700                   .var:             db        "LANG", 0
    52 0000190E 4300                         .val:             db        "C", 0
    53                                  
    54                                  section .text
    55                                       global _start
    56                                  
    57                                  _start:
    58                                       ; 1. Stack Setup & Locale Hack
    59 00000000 488B3C24                     mov        rdi, [rsp]
    60 00000004 488D742408                   lea        rsi, [rsp + 8]
    61 00000009 4989FC                       mov        r12, rdi
    62 0000000C 4989F5                       mov        r13, rsi
    63 0000000F 4883E4F0                     and        rsp, -16
    64 00000013 4883EC10                     sub        rsp, 16
    65 00000017 488D3C24                     lea        rdi, [rsp]
    66 0000001B 4C8927                       mov        [rdi], r12
    67 0000001E 488D742408                   lea        rsi, [rsp + 8]
    68 00000023 4C892E                       mov        [rsi], r13
    69                                  
    70 00000026 57                           push       rdi
    71 00000027 56                           push       rsi
    72 00000028 48BF-                        mov        rdi, lang.var
    72 0000002A [0919000000000000] 
    73 00000032 48BE-                        mov        rsi, lang.val
    73 00000034 [0E19000000000000] 
    74 0000003C BA01000000                   mov        rdx, 1
    75 00000041 E8(00000000)                 call       setenv
    76 00000046 5E                           pop        rsi
    77 00000047 5F                           pop        rdi
    78                                  
    79 00000048 E8(00000000)                 call       gtk_init
    80                                  
    81                                       ; 2. UI Setup
    82 0000004D E8(00000000)                 call       gdk_pixbuf_loader_new
    83 00000052 48890425[38000000]           mov        qword [loader], rax
    84 0000005A 4889C7                       mov        rdi, rax
    85 0000005D 48BE-                        mov        rsi, logo
    85 0000005F [0000000000000000] 
    86 00000067 BAC3180000                   mov        rdx, logo_size
    87 0000006C 4831C9                       xor        rcx, rcx
    88 0000006F E8(00000000)                 call       gdk_pixbuf_loader_write
    89 00000074 488B3C25[38000000]           mov        rdi, qword [loader]
    90 0000007C E8(00000000)                 call       gdk_pixbuf_loader_get_pixbuf
    91 00000081 48890425[40000000]           mov        qword [pixbuffer], rax
    92                                  
    93 00000089 BF00000000                   mov        rdi, GTK_WINDOW_TOPLEVEL
    94 0000008E E8(00000000)                 call       gtk_window_new
    95 00000093 48890425[00000000]           mov        qword [window.handle], rax
    96 0000009B 4889C7                       mov        rdi, rax
    97 0000009E 48BE-                        mov        rsi, window.title
    97 000000A0 [C318000000000000] 
    98 000000A8 E8(00000000)                 call       gtk_window_set_title
    99 000000AD 488B3C25[00000000]           mov        rdi, qword [window.handle]
   100 000000B5 BE18010000                   mov        rsi, 280
   101 000000BA BA96000000                   mov        rdx, 150
   102 000000BF E8(00000000)                 call       gtk_window_set_default_size
   103 000000C4 488B3C25[00000000]           mov        rdi, qword [window.handle]
   104 000000CC BE01000000                   mov        rsi, GTK_WIN_POS_CENTER
   105 000000D1 E8(00000000)                 call       gtk_window_set_position
   106 000000D6 488B3C25[00000000]           mov        rdi, qword [window.handle]
   107 000000DE 488B3425[40000000]           mov        rsi, qword [pixbuffer]
   108 000000E6 E8(00000000)                 call       gtk_window_set_icon
   109                                  
   110 000000EB 4531C9                       xor        r9d, r9d
   111 000000EE 4531C0                       xor        r8d, r8d
   112 000000F1 4831C9                       xor        rcx, rcx
   113 000000F4 48BA-                        mov        rdx, gtk_main_quit
   113 000000F6 [0000000000000000] 
   114 000000FE 48BE-                        mov        rsi, signal.destroy
   114 00000100 [D018000000000000] 
   115 00000108 488B3C25[00000000]           mov        rdi, qword [window.handle]
   116 00000110 E8(00000000)                 call       g_signal_connect_data
   117                                  
   118 00000115 BF01000000                   mov        rdi, GTK_ORIENTATION_VERTICAL
   119 0000011A BE02000000                   mov        rsi, 2
   120 0000011F E8(00000000)                 call       gtk_box_new
   121 00000124 48890425[08000000]           mov        qword [vbox.handle], rax
   122 0000012C 488B3C25[00000000]           mov        rdi, qword [window.handle]
   123 00000134 488B3425[08000000]           mov        rsi, qword [vbox.handle]
   124 0000013C E8(00000000)                 call       gtk_container_add
   125                                  
   126 00000141 E8(00000000)                 call       gtk_fixed_new
   127 00000146 48890425[10000000]           mov        qword [fixed.handle], rax
   128 0000014E 488B3C25[08000000]           mov        rdi, qword [vbox.handle]
   129 00000156 488B3425[10000000]           mov        rsi, qword [fixed.handle]
   130 0000015E BA01000000                   mov        rdx, TRUE
   131 00000163 B901000000                   mov        rcx, TRUE
   132 00000168 41B801000000                 mov        r8d, 1
   133 0000016E E8(00000000)                 call       gtk_box_pack_start
   134                                  
   135 00000173 E8(00000000)                 call       gtk_statusbar_new
   136 00000178 48890425[18000000]           mov        qword [statusbar.handle], rax
   137 00000180 4889C7                       mov        rdi, rax
   138 00000183 48BE-                        mov        rsi, statusbar.context
   138 00000185 [E918000000000000] 
   139 0000018D E8(00000000)                 call       gtk_statusbar_get_context_id
   140 00000192 48890425[20000000]           mov        qword [statusbar.context_id], rax
   141                                  
   142 0000019A 488B3C25[08000000]           mov        rdi, qword [vbox.handle]
   143 000001A2 488B3425[18000000]           mov        rsi, qword [statusbar.handle]
   144 000001AA BA00000000                   mov        rdx, FALSE
   145 000001AF B901000000                   mov        rcx, TRUE
   146 000001B4 41B801000000                 mov        r8d, 1
   147 000001BA E8(00000000)                 call       gtk_box_pack_start
   148                                  
   149                                       ; Buttons
   150 000001BF 48BF-                        mov        rdi, button1.caption
   150 000001C1 [E018000000000000] 
   151 000001C9 E8(00000000)                 call       gtk_button_new_with_label
   152 000001CE 48890425[28000000]           mov        qword [button1.handle], rax
   153 000001D6 488B3C25[10000000]           mov        rdi, qword [fixed.handle]
   154 000001DE 488B3425[28000000]           mov        rsi, qword [button1.handle]
   155 000001E6 BA32000000                   mov        rdx, 50
   156 000001EB B932000000                   mov        rcx, 50
   157 000001F0 E8(00000000)                 call       gtk_fixed_put
   158 000001F5 4531C9                       xor        r9d, r9d
   159 000001F8 4531C0                       xor        r8d, r8d
   160 000001FB 488B0C25[18000000]           mov        rcx, qword [statusbar.handle]
   161 00000203 48BA-                        mov        rdx, button_pressed
   161 00000205 [A002000000000000] 
   162 0000020D 48BE-                        mov        rsi, signal.clicked
   162 0000020F [D818000000000000] 
   163 00000217 488B3C25[28000000]           mov        rdi, qword [button1.handle]
   164 0000021F E8(00000000)                 call       g_signal_connect_data
   165                                  
   166 00000224 48BF-                        mov        rdi, button2.caption
   166 00000226 [E318000000000000] 
   167 0000022E E8(00000000)                 call       gtk_button_new_with_label
   168 00000233 48890425[30000000]           mov        qword [button2.handle], rax
   169 0000023B 488B3C25[10000000]           mov        rdi, qword [fixed.handle]
   170 00000243 488B3425[30000000]           mov        rsi, qword [button2.handle]
   171 0000024B BA96000000                   mov        rdx, 150
   172 00000250 B932000000                   mov        rcx, 50
   173 00000255 E8(00000000)                 call       gtk_fixed_put
   174 0000025A 4531C9                       xor        r9d, r9d
   175 0000025D 4531C0                       xor        r8d, r8d
   176 00000260 488B0C25[18000000]           mov        rcx, qword [statusbar.handle]
   177 00000268 48BA-                        mov        rdx, button_pressed
   177 0000026A [A002000000000000] 
   178 00000272 48BE-                        mov        rsi, signal.clicked
   178 00000274 [D818000000000000] 
   179 0000027C 488B3C25[30000000]           mov        rdi, qword [button2.handle]
   180 00000284 E8(00000000)                 call       g_signal_connect_data
   181                                  
   182 00000289 488B3C25[00000000]           mov        rdi, qword [window.handle]
   183 00000291 E8(00000000)                 call       gtk_widget_show_all
   184 00000296 E8(00000000)                 call       gtk_main
   185 0000029B E8(00000000)                 call       exit
   186                                  
   187                                  button_pressed:
   188 000002A0 55                           push       rbp
   189 000002A1 4889E5                       mov        rbp, rsp
   190 000002A4 4883E4F0                     and        rsp, -16
   191 000002A8 4154                         push       r12
   192 000002AA 4155                         push       r13
   193 000002AC 4989FC                       mov        r12, rdi
   194 000002AF 4989D5                       mov        r13, rdx
   195 000002B2 E8(00000000)                 call       gtk_button_get_label
   196 000002B7 48BF-                        mov        rdi, msg_buffer
   196 000002B9 [4800000000000000] 
   197 000002C1 BE00010000                   mov        rsi, 256
   198 000002C6 48BA-                        mov        rdx, statusbar.fmt
   198 000002C8 [F718000000000000] 
   199 000002D0 4889C1                       mov        rcx, rax
   200 000002D3 31C0                         xor        eax, eax
   201 000002D5 E8(00000000)                 call       snprintf
   202 000002DA 4C89EF                       mov        rdi, r13
   203 000002DD 488B3425[20000000]           mov        rsi, [statusbar.context_id]
   204 000002E5 48BA-                        mov        rdx, msg_buffer
   204 000002E7 [4800000000000000] 
   205 000002EF E8(00000000)                 call       gtk_statusbar_push
   206 000002F4 415D                         pop        r13
   207 000002F6 415C                         pop        r12
   208 000002F8 4889EC                       mov        rsp, rbp
   209 000002FB 5D                           pop        rbp
   210 000002FC C3                           ret
