     1                                  ; Name        : timer.asm
     2                                  ;
     3                                  ; Build       : nasm -felf64 -o timer.o -l timer.lst timer.asm
     4                                  ;               ld -s -m elf_x86_64 timer.o -o timer -lc --dynamic-linker /lib64/ld-linux-x86-64.so.2 -lgtk-3 -lgobject-2.0 -lglib-2.0 -lgdk_pixbuf-2.0 -lgdk-3 -lpango-1.0 -latk-1.0 -lgio-2.0
     5                                  ;
     6                                  ; Description : A glib-timeout timer example toggling window header state titles dynamically
     7                                  
     8                                  bits 64
     9                                  
    10                                  [list -]
    36                                  
    37                                  section .data
    38                                       window:
    39 00000000 0000000000000000             .handle:       dq   0
    40 00000008 74696D657220696E61-          .title:        db   "timer inactive", 0
    40 00000011 637469766500       
    41                                  
    42                                       fixed:
    43 00000017 0000000000000000             .handle:       dq   0
    44                                  
    45                                       checkbox:
    46 0000001F 0000000000000000             .handle:       dq   0
    47 00000027 746F67676C65207469-          .label:        db   "toggle timer", 0
    47 00000030 6D657200           
    48                                  
    49                                       signal:
    50 00000034 636C69636B656400             .clicked:      db   "clicked", 0
    51 0000003C 64657374726F7900             .destroy:      db   "destroy", 0
    52                                  
    53 00000044 74696D657220616374-          message:       db   "timer active", 10, 0
    53 0000004D 6976650A00         
    54 00000052 74696D657220616374-          active:        db   "timer active", 0
    54 0000005B 69766500           
    55 0000005F 74696D657220696E61-          inactive:      db   "timer inactive", 0
    55 00000068 637469766500       
    56                                  
    57                                  section .text
    58                                       global _start
    59                                  
    60                                  _start:
    61                                       ; -------------------------------------------------------------------------
    62                                       ; 1. Retrieve argc/argv and enforce System V AMD64 ABI Stack Alignment
    63                                       ; -------------------------------------------------------------------------
    64 00000000 488B3C24                     mov        rdi, [rsp]                ; argc
    65 00000004 488D742408                   lea        rsi, [rsp + 8]            ; argv
    66                                  
    67 00000009 4989FC                       mov        r12, rdi                  ; Back-up argc
    68 0000000C 4989F5                       mov        r13, rsi                  ; Back-up argv
    69                                  
    70 0000000F 4883E4F0                     and        rsp, -16                  ; Enforce 16-byte alignment
    71 00000013 4883EC10                     sub        rsp, 16                   ; Reserved space for &argc and &argv
    72                                  
    73 00000017 488D3C24                     lea        rdi, [rsp]                ; Move &argc to stack
    74 0000001B 4C8927                       mov        [rdi], r12
    75 0000001E 488D742408                   lea        rsi, [rsp + 8]            ; Move &argv to stack
    76 00000023 4C892E                       mov        [rsi], r13
    77                                  
    78 00000026 E8(00000000)                 call       gtk_init
    79                                  
    80                                       ; -------------------------------------------------------------------------
    81                                       ; 2. Build and Configure Window Components
    82                                       ; -------------------------------------------------------------------------
    83 0000002B BF00000000                   mov        rdi, GTK_WINDOW_TOPLEVEL
    84 00000030 E8(00000000)                 call       gtk_window_new
    85 00000035 48890425[00000000]           mov        qword [window.handle], rax
    86                                  
    87 0000003D 488B3C25[00000000]           mov        rdi, qword [window.handle]
    88 00000045 BE01000000                   mov        rsi, GTK_WIN_POS_CENTER
    89 0000004A E8(00000000)                 call       gtk_window_set_position
    90                                  
    91 0000004F 488B3C25[00000000]           mov        rdi, qword [window.handle]
    92 00000057 BEFA000000                   mov        rsi, 250
    93 0000005C BA96000000                   mov        rdx, 150
    94 00000061 E8(00000000)                 call       gtk_window_set_default_size
    95                                  
    96 00000066 488B3C25[00000000]           mov        rdi, qword [window.handle]
    97 0000006E 48BE-                        mov        rsi, window.title
    97 00000070 [0800000000000000] 
    98 00000078 E8(00000000)                 call       gtk_window_set_title
    99                                  
   100 0000007D E8(00000000)                 call       gtk_fixed_new
   101 00000082 48890425[17000000]           mov        qword [fixed.handle], rax
   102                                  
   103 0000008A 488B3C25[00000000]           mov        rdi, qword [window.handle]
   104 00000092 488B3425[17000000]           mov        rsi, qword [fixed.handle]
   105 0000009A E8(00000000)                 call       gtk_container_add
   106                                  
   107 0000009F 48BF-                        mov        rdi, checkbox.label
   107 000000A1 [2700000000000000] 
   108 000000A9 E8(00000000)                 call       gtk_check_button_new_with_label
   109 000000AE 48890425[1F000000]           mov        qword [checkbox.handle], rax
   110                                  
   111 000000B6 488B3C25[1F000000]           mov        rdi, qword [checkbox.handle]
   112 000000BE BE00000000                   mov        rsi, FALSE
   113 000000C3 E8(00000000)                 call       gtk_toggle_button_set_active
   114                                  
   115 000000C8 488B3C25[17000000]           mov        rdi, qword [fixed.handle]
   116 000000D0 488B3425[1F000000]           mov        rsi, qword [checkbox.handle]
   117 000000D8 BA82000000                   mov        rdx, 130                  ; x-coordinate
   118 000000DD B932000000                   mov        rcx, 50                   ; y-coordinate
   119 000000E2 E8(00000000)                 call       gtk_fixed_put
   120                                  
   121                                       ; -------------------------------------------------------------------------
   122                                       ; 3. Signal Connections, Timeout Hook, & Main Loop
   123                                       ; -------------------------------------------------------------------------
   124 000000E7 4531C9                       xor        r9d, r9d                  ; GConnectFlags = 0
   125 000000EA 4531C0                       xor        r8d, r8d                  ; GClosureNotify = NULL
   126 000000ED B900000000                   mov        rcx, NULL                 ; user_data = NULL
   127 000000F2 48BA-                        mov        rdx, toggle_signal
   127 000000F4 [A901000000000000] 
   128 000000FC 48BE-                        mov        rsi, signal.clicked
   128 000000FE [3400000000000000] 
   129 00000106 488B3C25[1F000000]           mov        rdi, qword [checkbox.handle]
   130 0000010E E8(00000000)                 call       g_signal_connect_data
   131                                  
   132 00000113 4531C9                       xor        r9d, r9d
   133 00000116 4531C0                       xor        r8d, r8d
   134 00000119 B900000000                   mov        rcx, NULL
   135 0000011E 48BA-                        mov        rdx, gtk_main_quit
   135 00000120 [0000000000000000] 
   136 00000128 48BE-                        mov        rsi, signal.destroy
   136 0000012A [3C00000000000000] 
   137 00000132 488B3C25[00000000]           mov        rdi, qword [window.handle]
   138 0000013A E8(00000000)                 call       g_signal_connect_data
   139                                  
   140 0000013F 488B3C25[00000000]           mov        rdi, qword [window.handle]
   141 00000147 E8(00000000)                 call       gtk_widget_show_all
   142                                  
   143                                       ; Hook Glib runtime timeout trigger (interval = 1000ms)
   144 0000014C BFE8030000                   mov        rdi, 1000
   145 00000151 48BE-                        mov        rsi, time_handler
   145 00000153 [7501000000000000] 
   146 0000015B 488B1425[00000000]           mov        rdx, qword [window.handle] ; Pass correct structured destination handle
   147 00000163 E8(00000000)                 call       g_timeout_add
   148                                  
   149 00000168 E8(00000000)                 call       gtk_main
   150                                  
   151 0000016D 4831FF                       xor        rdi, rdi                  ; Exit code = 0
   152 00000170 E8(00000000)                 call       exit
   153                                  
   154                                  ; -------------------------------------------------------------------------
   155                                  ; Callback: time_handler (Fires every 1000ms)
   156                                  ; -------------------------------------------------------------------------
   157                                  time_handler:
   158 00000175 55                           push       rbp
   159 00000176 4889E5                       mov        rbp, rsp
   160 00000179 4883E4F0                     and        rsp, -16                  ; Force 16-byte alignment
   161                                  
   162 0000017D 488B3C25[1F000000]           mov        rdi, qword [checkbox.handle]
   163 00000185 E8(00000000)                 call       gtk_toggle_button_get_active
   164 0000018A 4883F801                     cmp        rax, TRUE
   165 0000018E 7512                         jnz        .done
   166                                  
   167 00000190 48BF-                        mov        rdi, message
   167 00000192 [4400000000000000] 
   168 0000019A 4831C0                       xor        rax, rax
   169 0000019D E8(00000000)                 call       g_print
   170                                  
   171                                  .done:
   172 000001A2 B801000000                   mov        rax, TRUE                 ; Return TRUE to keep the timer pooling active
   173 000001A7 C9                           leave
   174 000001A8 C3                           ret
   175                                  
   176                                  ; -------------------------------------------------------------------------
   177                                  ; Callback: toggle_signal
   178                                  ; -------------------------------------------------------------------------
   179                                  toggle_signal:
   180 000001A9 55                           push       rbp
   181 000001AA 4889E5                       mov        rbp, rsp
   182 000001AD 4883E4F0                     and        rsp, -16                  ; Force 16-byte alignment
   183                                  
   184                                       ; RDI contains the calling GtkCheckButton pointer
   185 000001B1 E8(00000000)                 call       gtk_toggle_button_get_active
   186 000001B6 4821C0                       and        rax, rax
   187 000001B9 7419                         jz         .disconnect
   188                                  
   189                                  .connect:
   190 000001BB 488B3C25[00000000]           mov        rdi, qword [window.handle]
   191 000001C3 48BE-                        mov        rsi, active
   191 000001C5 [5200000000000000] 
   192 000001CD E8(00000000)                 call       gtk_window_set_title
   193 000001D2 EB17                         jmp        .exit
   194                                  
   195                                  .disconnect:
   196 000001D4 488B3C25[00000000]           mov        rdi, qword [window.handle]
   197 000001DC 48BE-                        mov        rsi, inactive
   197 000001DE [5F00000000000000] 
   198 000001E6 E8(00000000)                 call       gtk_window_set_title
   199                                  
   200                                  .exit:
   201 000001EB C9                           leave
   202 000001EC C3                           ret
