     1                                  ; ==============================================================================
     2                                  ; Name        : dragndrop.asm
     3                                  ; Author      : Roberto Aguas Guerreiro [agguro]
     4                                  ; Description : Drag and drop window movement demo
     5                                  ; ABI Status  : Compliant (Stack-aligned, Callee-saved preserved)
     6                                  ; ==============================================================================
     7                                  
     8                                  bits 64
     9                                  
    10                                  [list -]
    19                                  
    20                                  struc GdkEventButton
    21 00000000 ????????                     .type:         resd      1
    22 00000004 ????????                     .padding0:     resd      1
    23 00000008 ????????????????             .window:       resq      1
    24 00000010 ??                           .send_event:   resb      1
    25 00000011 ??????                       .padding1:     resb      3
    26 00000014 ????????                     .time:         resd      1
    27 00000018 ????????????????             .x:            resq      1
    28 00000020 ????????????????             .y:            resq      1
    29 00000028 ????????????????             .axes:         resq      1
    30 00000030 ????????                     .state:        resd      1
    31 00000034 ????????                     .button:       resd      1
    32 00000038 ????????????????             .device:       resq      1
    33 00000040 ????????????????             .x_root:       resq      1
    34 00000048 ????????????????             .y_root:       resq      1
    35                                  endstruc
    36                                  
    37                                  section .bss
    38 00000000 ????????????????             transient_widget: resq   1
    39 00000008 ????????????????             transient_event:  resq   1
    40 00000010 ????????????????             empty_grid:       resq   1
    41                                  
    42                                  section .data
    43                                       window:
    44 00000000 0000000000000000             .handle:       dq   0
    45 00000008 4472616720616E6420-          .title:        db   "Drag and Drop", 0
    45 00000011 44726F7000         
    46                                  
    47                                       signal:
    48 00000016 627574746F6E2D7072-          .buttonpress:  db   "button-press-event", 0
    48 0000001F 6573732D6576656E74-
    48 00000028 00                 
    49 00000029 64657374726F7900             .destroy:      db   "destroy", 0
    50                                  
    51                                  section .text
    52                                       global _start
    53                                  
    54                                  _start:
    55                                       ; 1. Stack Alignment & GTK3 Init
    56 00000000 488B3C24                     mov      rdi, [rsp]                ; argc
    57 00000004 488D742408                   lea      rsi, [rsp + 8]            ; argv
    58 00000009 4989FC                       mov      r12, rdi
    59 0000000C 4989F5                       mov      r13, rsi
    60                                  
    61 0000000F 4883E4F0                     and      rsp, -16
    62 00000013 4883EC10                     sub      rsp, 16
    63 00000017 488D3C24                     lea      rdi, [rsp]
    64 0000001B 4C8927                       mov      [rdi], r12
    65 0000001E 488D742408                   lea      rsi, [rsp + 8]
    66 00000023 4C892E                       mov      [rsi], r13
    67 00000026 E8(00000000)                 call     gtk_init
    68                                  
    69                                       ; 2. Build and Configure Window Layout
    70 0000002B BF00000000                   mov      rdi, GTK_WINDOW_TOPLEVEL
    71 00000030 E8(00000000)                 call     gtk_window_new
    72 00000035 48890425[00000000]           mov      qword [window.handle], rax
    73                                  
    74 0000003D 488B3C25[00000000]           mov      rdi, qword [window.handle]
    75 00000045 BE01000000                   mov      rsi, GTK_WIN_POS_CENTER
    76 0000004A E8(00000000)                 call     gtk_window_set_position
    77                                  
    78 0000004F 488B3C25[00000000]           mov      rdi, qword [window.handle]
    79 00000057 BEE6000000                   mov      rsi, 230
    80 0000005C BA96000000                   mov      rdx, 150
    81 00000061 E8(00000000)                 call     gtk_window_set_default_size
    82                                  
    83 00000066 488B3C25[00000000]           mov      rdi, qword [window.handle]
    84 0000006E 48BE-                        mov      rsi, window.title
    84 00000070 [0800000000000000] 
    85 00000078 E8(00000000)                 call     gtk_window_set_title
    86                                  
    87 0000007D E8(00000000)                 call     gtk_grid_new
    88 00000082 48890425[10000000]           mov      qword [empty_grid], rax
    89 0000008A 488B3C25[00000000]           mov      rdi, qword [window.handle]
    90 00000092 488B3425[10000000]           mov      rsi, qword [empty_grid]
    91 0000009A E8(00000000)                 call     gtk_window_set_titlebar
    92                                  
    93 0000009F 488B3C25[00000000]           mov      rdi, qword [window.handle]
    94 000000A7 BE00000000                   mov      rsi, FALSE
    95 000000AC E8(00000000)                 call     gtk_window_set_decorated
    96                                  
    97 000000B1 488B3C25[00000000]           mov      rdi, qword [window.handle]
    98 000000B9 BE00010000                   mov      rsi, GDK_BUTTON_PRESS_MASK
    99 000000BE E8(00000000)                 call     gtk_widget_add_events
   100                                  
   101                                       ; 3. Signal Connections
   102 000000C3 4531C9                       xor      r9d, r9d
   103 000000C6 4531C0                       xor      r8d, r8d
   104 000000C9 4831C9                       xor      rcx, rcx
   105 000000CC 48BA-                        mov      rdx, onbuttonpress
   105 000000CE [3101000000000000] 
   106 000000D6 48BE-                        mov      rsi, signal.buttonpress
   106 000000D8 [1600000000000000] 
   107 000000E0 488B3C25[00000000]           mov      rdi, qword [window.handle]
   108 000000E8 E8(00000000)                 call     g_signal_connect_data
   109                                  
   110 000000ED 4531C9                       xor      r9d, r9d
   111 000000F0 4531C0                       xor      r8d, r8d
   112 000000F3 4831C9                       xor      rcx, rcx
   113 000000F6 48BA-                        mov      rdx, gtk_main_quit
   113 000000F8 [0000000000000000] 
   114 00000100 48BE-                        mov      rsi, signal.destroy
   114 00000102 [2900000000000000] 
   115 0000010A 488B3C25[00000000]           mov      rdi, qword [window.handle]
   116 00000112 E8(00000000)                 call     g_signal_connect_data
   117                                  
   118 00000117 488B3C25[00000000]           mov      rdi, qword [window.handle]
   119 0000011F E8(00000000)                 call     gtk_widget_show_all
   120 00000124 E8(00000000)                 call     gtk_main
   121                                  
   122                                  .L_exit:
   123 00000129 4831FF                       xor      rdi, rdi
   124 0000012C E8(00000000)                 call     exit
   125                                  
   126                                  ; Callback: onbuttonpress
   127                                  onbuttonpress:
   128 00000131 55                           push       rbp
   129 00000132 4889E5                       mov        rbp, rsp
   130 00000135 4883E4F0                     and        rsp, -16
   131                                  
   132 00000139 48893C25[00000000]           mov        qword [transient_widget], rdi
   133 00000141 48893425[08000000]           mov        qword [transient_event], rsi
   134                                  
   135 00000149 488B0425[08000000]           mov        rax, qword [transient_event]
   136 00000151 8B00                         mov        eax, dword [rax + GdkEventButton.type]
   137 00000153 83F804                       cmp        eax, 4 ; GDK_BUTTON_PRESS
   138 00000156 754E                         jne        .exit
   139                                  
   140 00000158 488B0425[08000000]           mov        rax, qword [transient_event]
   141 00000160 8B4034                       mov        eax, dword [rax + GdkEventButton.button]
   142 00000163 83F801                       cmp        eax, 1 ; LEFT_MOUSE_BUTTON
   143 00000166 753E                         jne        .exit
   144                                  
   145                                  .startdragging:
   146 00000168 488B3C25[00000000]           mov        rdi, qword [transient_widget]
   147 00000170 E8(00000000)                 call       gtk_widget_get_toplevel
   148 00000175 4889C7                       mov        rdi, rax
   149                                  
   150 00000178 488B0C25[08000000]           mov        rcx, qword [transient_event]
   151 00000180 8B7134                       mov        esi, dword [rcx + GdkEventButton.button]
   152                                  
   153 00000183 F30F7E4140                   movq       xmm0, qword [rcx + GdkEventButton.x_root]
   154 00000188 F20F2CD0                     cvttsd2si  edx, xmm0
   155                                  
   156 0000018C F30F7E4148                   movq       xmm0, qword [rcx + GdkEventButton.y_root]
   157 00000191 F20F2CC8                     cvttsd2si  ecx, xmm0
   158                                  
   159 00000195 488B0425[08000000]           mov        rax, qword [transient_event]
   160 0000019D 448B4014                     mov        r8d, dword [rax + GdkEventButton.time]
   161 000001A1 E8(00000000)                 call       gtk_window_begin_move_drag
   162                                  
   163                                  .exit:
   164 000001A6 B801000000                   mov        rax, 1 ; TRUE
   165 000001AB C9                           leave
   166 000001AC C3                           ret
