     1                                  ; ==============================================================================
     2                                  ; Name        : toolbar.asm
     3                                  ; Author      : Roberto Aguas Guerreiro [agguro]
     4                                  ; Description : A window incorporating a native GtkToolbar
     5                                  ; ABI Status  : Compliant (Stack-aligned, Callee-saved preserved)
     6                                  ; ==============================================================================
     7                                  
     8                                  bits 64
     9                                  
    10                                  [list -]
    19                                  
    20                                  section .bss
    21                                       window:
    22 00000000 ????????????????             .handle:          resq      1
    23 00000008 ????????????????             pixbuffer:        resq      1
    24 00000010 ????????????????             error:            resq      1
    25                                       box:
    26 00000018 ????????????????             .handle:          resq      1
    27                                       toolbar:
    28 00000020 ????????????????             .handle:          resq      1
    29                                       tool:
    30 00000028 ????????????????             .new:             resq      1
    31 00000030 ????????????????             .open:            resq      1
    32 00000038 ????????????????             .save:            resq      1
    33 00000040 ????????????????             .sep:             resq      1
    34 00000048 ????????????????             .quit:            resq      1
    35                                  
    36                                  section .data
    37                                       mainwindow:
    38 00000000 746F6F6C62617200             .title:           db        "toolbar", 0
    39                                       
    40                                       signal:
    41 00000008 636C69636B656400             .clicked:         db        "clicked", 0
    42 00000010 64657374726F7900             .destroy:         db        "destroy", 0
    43                                  
    44                                       icon:
    45 00000018 7265736F7572636573-          .file:            db        "resources/pictures/logo.png", 0
    45 00000021 2F7069637475726573-
    45 0000002A 2F6C6F676F2E706E67-
    45 00000033 00                 
    46                                  
    47                                       toolbaritem.text:
    48 00000034 67746B2D6E657700             .new:             db        "gtk-new", 0
    49 0000003C 67746B2D6F70656E00           .open:            db        "gtk-open", 0
    50 00000045 67746B2D7361766500           .save:            db        "gtk-save", 0
    51 0000004E 67746B2D7175697400           .quit:            db        "gtk-quit", 0
    52                                  
    53                                  section .text
    54                                       global _start
    55                                  
    56                                  _start:
    57                                       ; 1. Stack Alignment conform System V AMD64 ABI
    58 00000000 488B3C24                     mov        rdi, [rsp]
    59 00000004 488D742408                   lea        rsi, [rsp + 8]
    60 00000009 4989FC                       mov        r12, rdi
    61 0000000C 4989F5                       mov        r13, rsi
    62                                  
    63 0000000F 4883E4F0                     and        rsp, -16
    64 00000013 4883EC10                     sub        rsp, 16
    65 00000017 488D3C24                     lea        rdi, [rsp]
    66 0000001B 4C8927                       mov        [rdi], r12
    67 0000001E 488D742408                   lea        rsi, [rsp + 8]
    68 00000023 4C892E                       mov        [rsi], r13
    69                                  
    70 00000026 E8(00000000)                 call       gtk_init
    71                                  
    72                                       ; 2. Build Window
    73 0000002B BF00000000                   mov        rdi, GTK_WINDOW_TOPLEVEL
    74 00000030 E8(00000000)                 call       gtk_window_new
    75 00000035 48890425[00000000]           mov        qword [window.handle], rax
    76 0000003D 488B3C25[00000000]           mov        rdi, qword [window.handle]
    77 00000045 BE01000000                   mov        rsi, 1
    78 0000004A E8(00000000)                 call       gtk_window_set_position
    79 0000004F 488B3C25[00000000]           mov        rdi, qword [window.handle]
    80 00000057 BEFA000000                   mov        rsi, 250
    81 0000005C BAC8000000                   mov        rdx, 200
    82 00000061 E8(00000000)                 call       gtk_window_set_default_size
    83 00000066 488B3C25[00000000]           mov        rdi, qword [window.handle]
    84 0000006E 48BE-                        mov        rsi, mainwindow.title
    84 00000070 [0000000000000000] 
    85 00000078 E8(00000000)                 call       gtk_window_set_title
    86                                  
    87 0000007D 48BF-                        mov        rdi, icon.file
    87 0000007F [1800000000000000] 
    88 00000087 48BE-                        mov        rsi, error
    88 00000089 [1000000000000000] 
    89 00000091 E8(00000000)                 call       gdk_pixbuf_new_from_file
    90 00000096 48890425[08000000]           mov        qword [pixbuffer], rax
    91 0000009E 488B3C25[00000000]           mov        rdi, qword [window.handle]
    92 000000A6 488B3425[08000000]           mov        rsi, qword [pixbuffer]
    93 000000AE E8(00000000)                 call       gtk_window_set_icon
    94                                  
    95 000000B3 BF01000000                   mov        rdi, GTK_ORIENTATION_VERTICAL
    96 000000B8 4831F6                       xor        rsi, rsi
    97 000000BB E8(00000000)                 call       gtk_box_new
    98 000000C0 48890425[18000000]           mov        qword [box.handle], rax
    99 000000C8 488B3C25[00000000]           mov        rdi, qword [window.handle]
   100 000000D0 488B3425[18000000]           mov        rsi, qword [box.handle]
   101 000000D8 E8(00000000)                 call       gtk_container_add
   102                                  
   103                                       ; 3. Assemble Toolbar
   104 000000DD E8(00000000)                 call       gtk_toolbar_new
   105 000000E2 48890425[20000000]           mov        qword [toolbar.handle], rax
   106 000000EA 488B3C25[20000000]           mov        rdi, qword [toolbar.handle]
   107 000000F2 4831F6                       xor        rsi, rsi ; GTK_TOOLBAR_ICONS
   108 000000F5 E8(00000000)                 call       gtk_toolbar_set_style
   109 000000FA 488B3C25[20000000]           mov        rdi, qword [toolbar.handle]
   110 00000102 BE02000000                   mov        rsi, 2
   111 00000107 E8(00000000)                 call       gtk_container_set_border_width
   112                                  
   113                                       %macro add_tool 2
   114                                          mov     rdi, %1
   115                                          call    gtk_tool_button_new_from_stock
   116                                          mov     qword [%2], rax
   117                                          mov     rdi, qword [toolbar.handle]
   118                                          mov     rsi, qword [%2]
   119                                          mov     rdx, -1
   120                                          call    gtk_toolbar_insert
   121                                       %endmacro
   122                                  
   123                                       add_tool toolbaritem.text.new, tool.new
   114 0000010C 48BF-               <1>  mov rdi, %1
   114 0000010E [3400000000000000]  <1>
   115 00000116 E8(00000000)        <1>  call gtk_tool_button_new_from_stock
   116 0000011B 48890425[28000000]  <1>  mov qword [%2], rax
   117 00000123 488B3C25[20000000]  <1>  mov rdi, qword [toolbar.handle]
   118 0000012B 488B3425[28000000]  <1>  mov rsi, qword [%2]
   119 00000133 48C7C2FFFFFFFF      <1>  mov rdx, -1
   120 0000013A E8(00000000)        <1>  call gtk_toolbar_insert
   124                                       add_tool toolbaritem.text.open, tool.open
   114 0000013F 48BF-               <1>  mov rdi, %1
   114 00000141 [3C00000000000000]  <1>
   115 00000149 E8(00000000)        <1>  call gtk_tool_button_new_from_stock
   116 0000014E 48890425[30000000]  <1>  mov qword [%2], rax
   117 00000156 488B3C25[20000000]  <1>  mov rdi, qword [toolbar.handle]
   118 0000015E 488B3425[30000000]  <1>  mov rsi, qword [%2]
   119 00000166 48C7C2FFFFFFFF      <1>  mov rdx, -1
   120 0000016D E8(00000000)        <1>  call gtk_toolbar_insert
   125                                       add_tool toolbaritem.text.save, tool.save
   114 00000172 48BF-               <1>  mov rdi, %1
   114 00000174 [4500000000000000]  <1>
   115 0000017C E8(00000000)        <1>  call gtk_tool_button_new_from_stock
   116 00000181 48890425[38000000]  <1>  mov qword [%2], rax
   117 00000189 488B3C25[20000000]  <1>  mov rdi, qword [toolbar.handle]
   118 00000191 488B3425[38000000]  <1>  mov rsi, qword [%2]
   119 00000199 48C7C2FFFFFFFF      <1>  mov rdx, -1
   120 000001A0 E8(00000000)        <1>  call gtk_toolbar_insert
   126                                       
   127 000001A5 E8(00000000)                 call       gtk_separator_tool_item_new
   128 000001AA 48890425[40000000]           mov        qword [tool.sep], rax
   129 000001B2 488B3C25[20000000]           mov        rdi, qword [toolbar.handle]
   130 000001BA 488B3425[40000000]           mov        rsi, qword [tool.sep]
   131 000001C2 48C7C2FFFFFFFF               mov        rdx, -1
   132 000001C9 E8(00000000)                 call       gtk_toolbar_insert
   133                                  
   134                                       add_tool toolbaritem.text.quit, tool.quit
   114 000001CE 48BF-               <1>  mov rdi, %1
   114 000001D0 [4E00000000000000]  <1>
   115 000001D8 E8(00000000)        <1>  call gtk_tool_button_new_from_stock
   116 000001DD 48890425[48000000]  <1>  mov qword [%2], rax
   117 000001E5 488B3C25[20000000]  <1>  mov rdi, qword [toolbar.handle]
   118 000001ED 488B3425[48000000]  <1>  mov rsi, qword [%2]
   119 000001F5 48C7C2FFFFFFFF      <1>  mov rdx, -1
   120 000001FC E8(00000000)        <1>  call gtk_toolbar_insert
   135                                  
   136 00000201 488B3C25[18000000]           mov        rdi, qword [box.handle]
   137 00000209 488B3425[20000000]           mov        rsi, qword [toolbar.handle]
   138 00000211 4831D2                       xor        rdx, rdx
   139 00000214 4831C9                       xor        rcx, rcx
   140 00000217 41B805000000                 mov        r8d, 5
   141 0000021D E8(00000000)                 call       gtk_box_pack_start
   142                                  
   143                                       ; 4. Signals
   144 00000222 4531C9                       xor        r9d, r9d
   145 00000225 4531C0                       xor        r8d, r8d
   146 00000228 4831C9                       xor        rcx, rcx
   147 0000022B 48BA-                        mov        rdx, gtk_main_quit
   147 0000022D [0000000000000000] 
   148 00000235 48BE-                        mov        rsi, signal.clicked
   148 00000237 [0800000000000000] 
   149 0000023F 488B3C25[48000000]           mov        rdi, qword [tool.quit]
   150 00000247 E8(00000000)                 call       g_signal_connect_data
   151                                  
   152 0000024C 4531C9                       xor        r9d, r9d
   153 0000024F 4531C0                       xor        r8d, r8d
   154 00000252 4831C9                       xor        rcx, rcx
   155 00000255 48BA-                        mov        rdx, gtk_main_quit
   155 00000257 [0000000000000000] 
   156 0000025F 48BE-                        mov        rsi, signal.destroy
   156 00000261 [1000000000000000] 
   157 00000269 488B3C25[00000000]           mov        rdi, qword [window.handle]
   158 00000271 E8(00000000)                 call       g_signal_connect_data
   159                                  
   160 00000276 488B3C25[00000000]           mov        rdi, qword [window.handle]
   161 0000027E E8(00000000)                 call       gtk_widget_show_all
   162 00000283 E8(00000000)                 call       gtk_main
   163 00000288 4831FF                       xor        rdi, rdi
   164 0000028B E8(00000000)                 call       exit
